2023-07-02 11:27:04.344 AM:info=>		database connection successfull
2023-07-02 11:27:04.349 AM:info=>		app is listing on post 8080
2023-07-02 11:27:10.824 AM:info=>		database connection successfull
2023-07-02 11:27:10.829 AM:info=>		app is listing on post 8080
2023-07-02 11:27:13.837 AM:info=>		database connection successfull
2023-07-02 11:27:13.842 AM:info=>		app is listing on post 8080
2023-07-02 11:27:55.418 AM:info=>		database connection successfull
2023-07-02 11:27:55.423 AM:info=>		app is listing on post 8080
2023-07-02 11:28:01.042 AM:info=>		database connection successfull
2023-07-02 11:28:01.048 AM:info=>		app is listing on post 8080
2023-07-02 11:28:15.086 AM:info=>		database connection successfull
2023-07-02 11:28:15.091 AM:info=>		app is listing on post 8080
2023-07-02 11:28:40.308 AM:info=>		User
2023-07-02 11:29:49.865 AM:info=>		database connection successfull
2023-07-02 11:29:49.871 AM:info=>		app is listing on post 8080
2023-07-02 11:29:53.229 AM:info=>		database connection successfull
2023-07-02 11:29:53.234 AM:info=>		app is listing on post 8080
2023-07-02 11:30:10.494 AM:info=>		database connection successfull
2023-07-02 11:30:10.499 AM:info=>		app is listing on post 8080
2023-07-02 11:30:19.313 AM:info=>		database connection successfull
2023-07-02 11:30:19.319 AM:info=>		app is listing on post 8080
2023-07-02 11:30:30.972 AM:info=>		database connection successfull
2023-07-02 11:30:30.977 AM:info=>		app is listing on post 8080
2023-07-02 11:30:32.682 AM:info=>		database connection successfull
2023-07-02 11:30:32.688 AM:info=>		app is listing on post 8080
2023-07-02 11:30:36.196 AM:info=>		database connection successfull
2023-07-02 11:30:36.201 AM:info=>		app is listing on post 8080
2023-07-02 11:30:40.201 AM:info=>		database connection successfull
2023-07-02 11:30:40.206 AM:info=>		app is listing on post 8080
2023-07-02 11:30:45.791 AM:info=>		database connection successfull
2023-07-02 11:30:45.796 AM:info=>		app is listing on post 8080
2023-07-02 11:30:58.826 AM:info=>		database connection successfull
2023-07-02 11:30:58.832 AM:info=>		app is listing on post 8080
2023-07-02 11:31:08.981 AM:info=>		database connection successfull
2023-07-02 11:31:08.986 AM:info=>		app is listing on post 8080
2023-07-02 11:31:19.471 AM:info=>		database connection successfull
2023-07-02 11:31:19.491 AM:info=>		app is listing on post 8080
2023-07-04 09:04:23.445 AM:info=>		database connection successfull
2023-07-04 09:04:23.451 AM:info=>		app is listing on post 8080
2023-07-04 09:09:23.497 AM:info=>		database connection successfull
2023-07-04 09:09:23.504 AM:info=>		app is listing on post 8080
2023-07-04 09:09:47.662 AM:info=>		database connection successfull
2023-07-04 09:09:47.668 AM:info=>		app is listing on post 8080
2023-07-04 09:12:00.619 AM:info=>		database connection successfull
2023-07-04 09:12:00.625 AM:info=>		app is listing on post 8080
2023-07-04 09:12:09.408 AM:info=>		database connection successfull
2023-07-04 09:12:09.415 AM:info=>		app is listing on post 8080
2023-07-04 09:12:10.764 AM:info=>		database connection successfull
2023-07-04 09:12:10.769 AM:info=>		app is listing on post 8080
2023-07-04 09:12:19.546 AM:info=>		database connection successfull
2023-07-04 09:12:19.557 AM:info=>		app is listing on post 8080
2023-07-04 09:12:28.060 AM:info=>		database connection successfull
2023-07-04 09:12:28.065 AM:info=>		app is listing on post 8080
2023-07-04 09:12:30.419 AM:info=>		database connection successfull
2023-07-04 09:12:30.425 AM:info=>		app is listing on post 8080
2023-07-04 09:12:35.638 AM:info=>		database connection successfull
2023-07-04 09:12:35.643 AM:info=>		app is listing on post 8080
2023-07-04 09:12:39.273 AM:info=>		database connection successfull
2023-07-04 09:12:39.279 AM:info=>		app is listing on post 8080
2023-07-04 09:12:49.388 AM:info=>		database connection successfull
2023-07-04 09:12:49.393 AM:info=>		app is listing on post 8080
2023-07-04 09:12:53.083 AM:info=>		database connection successfull
2023-07-04 09:12:53.088 AM:info=>		app is listing on post 8080
2023-07-04 09:23:46.106 AM:info=>		database connection successfull
2023-07-04 09:23:46.111 AM:info=>		app is listing on post 8080
2023-07-04 09:24:07.075 AM:info=>		User
2023-07-04 09:25:23.091 AM:info=>		database connection successfull
2023-07-04 09:25:23.097 AM:info=>		app is listing on post 8080
2023-07-04 09:25:27.728 AM:info=>		User
2023-07-04 09:29:16.321 AM:info=>		database connection successfull
2023-07-04 09:29:16.329 AM:info=>		app is listing on post 8080
2023-07-04 09:29:19.388 AM:info=>		database connection successfull
2023-07-04 09:29:19.394 AM:info=>		app is listing on post 8080
2023-07-04 09:29:21.365 AM:info=>		database connection successfull
2023-07-04 09:29:21.370 AM:info=>		app is listing on post 8080
2023-07-04 09:29:26.238 AM:info=>		database connection successfull
2023-07-04 09:29:26.243 AM:info=>		app is listing on post 8080
2023-07-04 09:29:53.311 AM:info=>		database connection successfull
2023-07-04 09:29:53.316 AM:info=>		app is listing on post 8080
2023-07-04 09:29:58.071 AM:info=>		database connection successfull
2023-07-04 09:29:58.080 AM:info=>		app is listing on post 8080
2023-07-04 09:30:04.489 AM:info=>		database connection successfull
2023-07-04 09:30:04.496 AM:info=>		app is listing on post 8080
2023-07-04 09:30:09.820 AM:info=>		database connection successfull
2023-07-04 09:30:09.827 AM:info=>		app is listing on post 8080
2023-07-04 09:30:12.692 AM:info=>		database connection successfull
2023-07-04 09:30:12.698 AM:info=>		app is listing on post 8080
2023-07-04 09:31:19.218 AM:info=>		database connection successfull
2023-07-04 09:31:19.224 AM:info=>		app is listing on post 8080
2023-07-04 09:31:29.172 AM:info=>		database connection successfull
2023-07-04 09:31:29.178 AM:info=>		app is listing on post 8080
2023-07-04 09:31:30.717 AM:info=>		database connection successfull
2023-07-04 09:31:30.725 AM:info=>		app is listing on post 8080
2023-07-04 09:31:53.091 AM:info=>		database connection successfull
2023-07-04 09:31:53.097 AM:info=>		app is listing on post 8080
2023-07-04 09:32:08.398 AM:info=>		database connection successfull
2023-07-04 09:32:08.404 AM:info=>		app is listing on post 8080
2023-07-04 09:32:16.037 AM:info=>		database connection successfull
2023-07-04 09:32:16.043 AM:info=>		app is listing on post 8080
2023-07-04 09:32:17.476 AM:info=>		database connection successfull
2023-07-04 09:32:17.481 AM:info=>		app is listing on post 8080
2023-07-04 09:32:27.114 AM:info=>		database connection successfull
2023-07-04 09:32:27.120 AM:info=>		app is listing on post 8080
2023-07-04 09:32:30.884 AM:info=>		database connection successfull
2023-07-04 09:32:30.890 AM:info=>		app is listing on post 8080
2023-07-04 09:32:35.742 AM:info=>		database connection successfull
2023-07-04 09:32:35.748 AM:info=>		app is listing on post 8080
2023-07-04 09:32:38.449 AM:info=>		database connection successfull
2023-07-04 09:32:38.455 AM:info=>		app is listing on post 8080
2023-07-04 09:32:44.036 AM:info=>		database connection successfull
2023-07-04 09:32:44.042 AM:info=>		app is listing on post 8080
2023-07-04 09:32:53.739 AM:info=>		database connection successfull
2023-07-04 09:32:53.745 AM:info=>		app is listing on post 8080
2023-07-04 09:32:57.956 AM:info=>		database connection successfull
2023-07-04 09:32:57.967 AM:info=>		app is listing on post 8080
2023-07-04 09:33:06.889 AM:info=>		database connection successfull
2023-07-04 09:33:06.894 AM:info=>		app is listing on post 8080
2023-07-04 09:33:09.878 AM:info=>		database connection successfull
2023-07-04 09:33:09.884 AM:info=>		app is listing on post 8080
2023-07-04 09:33:12.277 AM:info=>		database connection successfull
2023-07-04 09:33:12.283 AM:info=>		app is listing on post 8080
2023-07-04 09:33:29.482 AM:info=>		database connection successfull
2023-07-04 09:33:29.488 AM:info=>		app is listing on post 8080
2023-07-04 09:33:38.122 AM:info=>		database connection successfull
2023-07-04 09:33:38.127 AM:info=>		app is listing on post 8080
2023-07-04 09:33:41.598 AM:info=>		database connection successfull
2023-07-04 09:33:41.603 AM:info=>		app is listing on post 8080
2023-07-04 09:34:07.702 AM:info=>		database connection successfull
2023-07-04 09:34:07.708 AM:info=>		app is listing on post 8080
2023-07-04 09:34:20.176 AM:info=>		database connection successfull
2023-07-04 09:34:20.182 AM:info=>		app is listing on post 8080
2023-07-04 09:34:22.176 AM:info=>		database connection successfull
2023-07-04 09:34:22.181 AM:info=>		app is listing on post 8080
2023-07-04 09:34:43.045 AM:info=>		database connection successfull
2023-07-04 09:34:43.052 AM:info=>		app is listing on post 8080
2023-07-04 09:34:49.812 AM:info=>		database connection successfull
2023-07-04 09:34:49.818 AM:info=>		app is listing on post 8080
2023-07-04 09:35:03.826 AM:info=>		database connection successfull
2023-07-04 09:35:03.832 AM:info=>		app is listing on post 8080
2023-07-04 09:35:06.375 AM:info=>		database connection successfull
2023-07-04 09:35:06.380 AM:info=>		app is listing on post 8080
2023-07-04 09:35:13.877 AM:info=>		database connection successfull
2023-07-04 09:35:13.882 AM:info=>		app is listing on post 8080
2023-07-04 09:35:17.798 AM:info=>		database connection successfull
2023-07-04 09:35:17.804 AM:info=>		app is listing on post 8080
2023-07-04 09:35:19.711 AM:info=>		database connection successfull
2023-07-04 09:35:19.718 AM:info=>		app is listing on post 8080
2023-07-04 09:35:33.524 AM:info=>		database connection successfull
2023-07-04 09:35:33.531 AM:info=>		app is listing on post 8080
2023-07-04 09:35:36.163 AM:info=>		database connection successfull
2023-07-04 09:35:36.169 AM:info=>		app is listing on post 8080
2023-07-04 09:35:39.796 AM:info=>		database connection successfull
2023-07-04 09:35:39.802 AM:info=>		app is listing on post 8080
2023-07-04 09:35:46.862 AM:info=>		database connection successfull
2023-07-04 09:35:46.869 AM:info=>		app is listing on post 8080
2023-07-04 09:35:49.510 AM:info=>		database connection successfull
2023-07-04 09:35:49.516 AM:info=>		app is listing on post 8080
2023-07-04 09:35:54.987 AM:info=>		database connection successfull
2023-07-04 09:35:54.992 AM:info=>		app is listing on post 8080
2023-07-04 09:35:57.288 AM:info=>		database connection successfull
2023-07-04 09:35:57.294 AM:info=>		app is listing on post 8080
2023-07-04 09:36:03.922 AM:info=>		database connection successfull
2023-07-04 09:36:03.928 AM:info=>		app is listing on post 8080
2023-07-04 09:36:08.292 AM:info=>		database connection successfull
2023-07-04 09:36:08.299 AM:info=>		app is listing on post 8080
2023-07-04 09:36:19.355 AM:info=>		User
2023-07-04 09:37:22.176 AM:info=>		database connection successfull
2023-07-04 09:37:22.182 AM:info=>		app is listing on post 8080
2023-07-04 09:37:29.275 AM:info=>		database connection successfull
2023-07-04 09:37:29.281 AM:info=>		app is listing on post 8080
2023-07-04 09:37:33.235 AM:info=>		User
2023-07-04 09:38:43.363 AM:info=>		database connection successfull
2023-07-04 09:38:43.369 AM:info=>		app is listing on post 8080
2023-07-04 09:38:46.631 AM:info=>		User
2023-07-04 09:39:28.968 AM:info=>		database connection successfull
2023-07-04 09:39:28.973 AM:info=>		app is listing on post 8080
2023-07-04 09:39:31.408 AM:info=>		User
2023-07-04 09:40:38.489 AM:info=>		database connection successfull
2023-07-04 09:40:38.498 AM:info=>		app is listing on post 8080
2023-07-04 09:40:41.010 AM:info=>		database connection successfull
2023-07-04 09:40:41.017 AM:info=>		app is listing on post 8080
2023-07-04 09:40:42.983 AM:info=>		database connection successfull
2023-07-04 09:40:42.989 AM:info=>		app is listing on post 8080
2023-07-04 09:40:51.564 AM:info=>		database connection successfull
2023-07-04 09:40:51.570 AM:info=>		app is listing on post 8080
2023-07-04 09:41:02.537 AM:info=>		database connection successfull
2023-07-04 09:41:02.543 AM:info=>		app is listing on post 8080
2023-07-04 09:44:17.200 AM:info=>		database connection successfull
2023-07-04 09:44:17.206 AM:info=>		app is listing on post 8080
2023-07-04 09:44:27.017 AM:info=>		database connection successfull
2023-07-04 09:44:27.024 AM:info=>		app is listing on post 8080
2023-07-04 09:44:38.828 AM:info=>		database connection successfull
2023-07-04 09:44:38.833 AM:info=>		app is listing on post 8080
2023-07-04 09:44:40.693 AM:info=>		database connection successfull
2023-07-04 09:44:40.698 AM:info=>		app is listing on post 8080
2023-07-04 09:44:46.953 AM:info=>		database connection successfull
2023-07-04 09:44:46.959 AM:info=>		app is listing on post 8080
2023-07-04 09:44:48.750 AM:info=>		database connection successfull
2023-07-04 09:44:48.755 AM:info=>		app is listing on post 8080
2023-07-04 09:44:52.566 AM:info=>		database connection successfull
2023-07-04 09:44:52.571 AM:info=>		app is listing on post 8080
2023-07-04 09:45:00.386 AM:info=>		User
2023-07-04 09:46:59.108 AM:info=>		database connection successfull
2023-07-04 09:46:59.115 AM:info=>		app is listing on post 8080
2023-07-04 09:47:01.040 AM:info=>		User
2023-07-04 09:52:33.406 AM:info=>		database connection successfull
2023-07-04 09:52:33.412 AM:info=>		app is listing on post 8080
2023-07-04 09:53:22.490 AM:info=>		database connection successfull
2023-07-04 09:53:22.497 AM:info=>		app is listing on post 8080
2023-07-04 09:53:24.250 AM:info=>		database connection successfull
2023-07-04 09:53:24.256 AM:info=>		app is listing on post 8080
2023-07-04 09:53:51.130 AM:info=>		database connection successfull
2023-07-04 09:53:51.136 AM:info=>		app is listing on post 8080
2023-07-04 09:54:10.118 AM:info=>		database connection successfull
2023-07-04 09:54:10.124 AM:info=>		app is listing on post 8080
2023-07-04 09:54:11.527 AM:info=>		database connection successfull
2023-07-04 09:54:11.533 AM:info=>		app is listing on post 8080
2023-07-04 09:54:15.583 AM:info=>		database connection successfull
2023-07-04 09:54:15.588 AM:info=>		app is listing on post 8080
2023-07-04 09:54:54.158 AM:info=>		database connection successfull
2023-07-04 09:54:54.166 AM:info=>		app is listing on post 8080
2023-07-04 09:54:57.624 AM:info=>		database connection successfull
2023-07-04 09:54:57.629 AM:info=>		app is listing on post 8080
2023-07-04 09:55:01.784 AM:info=>		database connection successfull
2023-07-04 09:55:01.789 AM:info=>		app is listing on post 8080
2023-07-04 09:55:03.572 AM:info=>		database connection successfull
2023-07-04 09:55:03.578 AM:info=>		app is listing on post 8080
2023-07-04 09:55:19.585 AM:info=>		database connection successfull
2023-07-04 09:55:19.593 AM:info=>		app is listing on post 8080
2023-07-04 09:55:23.128 AM:info=>		database connection successfull
2023-07-04 09:55:23.134 AM:info=>		app is listing on post 8080
2023-07-04 09:55:31.470 AM:info=>		database connection successfull
2023-07-04 09:55:31.476 AM:info=>		app is listing on post 8080
2023-07-04 09:55:39.443 AM:info=>		database connection successfull
2023-07-04 09:55:39.448 AM:info=>		app is listing on post 8080
2023-07-04 09:55:45.819 AM:info=>		database connection successfull
2023-07-04 09:55:45.824 AM:info=>		app is listing on post 8080
2023-07-04 09:56:00.803 AM:info=>		database connection successfull
2023-07-04 09:56:00.808 AM:info=>		app is listing on post 8080
2023-07-04 09:56:09.049 AM:info=>		database connection successfull
2023-07-04 09:56:09.055 AM:info=>		app is listing on post 8080
2023-07-04 09:56:16.983 AM:info=>		database connection successfull
2023-07-04 09:56:16.990 AM:info=>		app is listing on post 8080
2023-07-04 09:56:20.606 AM:info=>		database connection successfull
2023-07-04 09:56:20.611 AM:info=>		app is listing on post 8080
2023-07-04 09:56:25.127 AM:info=>		database connection successfull
2023-07-04 09:56:25.133 AM:info=>		app is listing on post 8080
2023-07-04 09:56:27.969 AM:info=>		database connection successfull
2023-07-04 09:56:27.974 AM:info=>		app is listing on post 8080
2023-07-04 09:56:31.153 AM:info=>		database connection successfull
2023-07-04 09:56:31.158 AM:info=>		app is listing on post 8080
2023-07-04 09:56:33.975 AM:info=>		database connection successfull
2023-07-04 09:56:33.983 AM:info=>		app is listing on post 8080
2023-07-04 09:56:41.370 AM:info=>		database connection successfull
2023-07-04 09:56:41.375 AM:info=>		app is listing on post 8080
2023-07-04 09:57:02.961 AM:info=>		database connection successfull
2023-07-04 09:57:02.967 AM:info=>		app is listing on post 8080
2023-07-04 09:57:15.569 AM:info=>		database connection successfull
2023-07-04 09:57:15.575 AM:info=>		app is listing on post 8080
2023-07-04 09:57:18.523 AM:info=>		database connection successfull
2023-07-04 09:57:18.529 AM:info=>		app is listing on post 8080
2023-07-04 09:57:46.906 AM:info=>		database connection successfull
2023-07-04 09:57:46.912 AM:info=>		app is listing on post 8080
2023-07-04 09:57:52.210 AM:info=>		database connection successfull
2023-07-04 09:57:52.215 AM:info=>		app is listing on post 8080
2023-07-04 09:57:56.809 AM:info=>		database connection successfull
2023-07-04 09:57:56.815 AM:info=>		app is listing on post 8080
2023-07-04 09:57:59.173 AM:info=>		database connection successfull
2023-07-04 09:57:59.179 AM:info=>		app is listing on post 8080
2023-07-04 09:58:02.043 AM:info=>		database connection successfull
2023-07-04 09:58:02.048 AM:info=>		app is listing on post 8080
2023-07-04 09:58:05.398 AM:info=>		database connection successfull
2023-07-04 09:58:05.403 AM:info=>		app is listing on post 8080
2023-07-04 09:58:07.590 AM:info=>		database connection successfull
2023-07-04 09:58:07.594 AM:info=>		app is listing on post 8080
2023-07-04 09:58:37.932 AM:info=>		database connection successfull
2023-07-04 09:58:37.937 AM:info=>		app is listing on post 8080
2023-07-04 09:58:55.443 AM:info=>		database connection successfull
2023-07-04 09:58:55.450 AM:info=>		app is listing on post 8080
2023-07-04 09:58:59.634 AM:info=>		database connection successfull
2023-07-04 09:58:59.640 AM:info=>		app is listing on post 8080
2023-07-04 09:59:02.391 AM:info=>		database connection successfull
2023-07-04 09:59:02.397 AM:info=>		app is listing on post 8080
2023-07-04 09:59:04.191 AM:info=>		database connection successfull
2023-07-04 09:59:04.201 AM:info=>		app is listing on post 8080
2023-07-04 10:00:02.300 AM:info=>		database connection successfull
2023-07-04 10:00:02.305 AM:info=>		app is listing on post 8080
2023-07-04 10:00:45.574 AM:info=>		database connection successfull
2023-07-04 10:00:45.582 AM:info=>		app is listing on post 8080
2023-07-04 10:00:47.440 AM:info=>		database connection successfull
2023-07-04 10:00:47.447 AM:info=>		app is listing on post 8080
2023-07-04 10:00:49.282 AM:info=>		database connection successfull
2023-07-04 10:00:49.287 AM:info=>		app is listing on post 8080
2023-07-04 10:01:48.687 AM:info=>		database connection successfull
2023-07-04 10:01:48.694 AM:info=>		app is listing on post 8080
2023-07-04 10:01:59.063 AM:info=>		database connection successfull
2023-07-04 10:01:59.071 AM:info=>		app is listing on post 8080
2023-07-04 10:02:00.670 AM:info=>		database connection successfull
2023-07-04 10:02:00.676 AM:info=>		app is listing on post 8080
2023-07-04 10:02:02.830 AM:info=>		database connection successfull
2023-07-04 10:02:02.837 AM:info=>		app is listing on post 8080
2023-07-04 10:02:06.595 AM:info=>		database connection successfull
2023-07-04 10:02:06.603 AM:info=>		app is listing on post 8080
2023-07-06 08:56:18.151 AM:info=>		database connection successfull
2023-07-06 08:56:18.161 AM:info=>		app is listing on post 8080
2023-07-06 09:02:17.527 AM:info=>		database connection successfull
2023-07-06 09:02:17.533 AM:info=>		app is listing on post 8080
2023-07-06 09:02:24.029 AM:info=>		database connection successfull
2023-07-06 09:02:24.034 AM:info=>		app is listing on post 8080
2023-07-06 09:02:42.443 AM:info=>		database connection successfull
2023-07-06 09:02:42.448 AM:info=>		app is listing on post 8080
2023-07-06 09:02:43.936 AM:info=>		database connection successfull
2023-07-06 09:02:43.941 AM:info=>		app is listing on post 8080
2023-07-06 09:02:46.152 AM:info=>		database connection successfull
2023-07-06 09:02:46.158 AM:info=>		app is listing on post 8080
2023-07-06 09:02:50.307 AM:info=>		database connection successfull
2023-07-06 09:02:50.312 AM:info=>		app is listing on post 8080
2023-07-06 09:02:52.672 AM:info=>		database connection successfull
2023-07-06 09:02:52.678 AM:info=>		app is listing on post 8080
2023-07-06 09:02:55.253 AM:info=>		database connection successfull
2023-07-06 09:02:55.259 AM:info=>		app is listing on post 8080
2023-07-06 09:02:59.653 AM:info=>		database connection successfull
2023-07-06 09:02:59.659 AM:info=>		app is listing on post 8080
2023-07-06 09:03:53.519 AM:info=>		database connection successfull
2023-07-06 09:03:53.535 AM:info=>		app is listing on post 8080
2023-07-06 09:03:57.907 AM:info=>		database connection successfull
2023-07-06 09:03:57.913 AM:info=>		app is listing on post 8080
2023-07-06 09:03:59.904 AM:info=>		database connection successfull
2023-07-06 09:03:59.910 AM:info=>		app is listing on post 8080
2023-07-06 09:04:08.896 AM:info=>		database connection successfull
2023-07-06 09:04:08.906 AM:info=>		app is listing on post 8080
2023-07-06 09:04:12.281 AM:info=>		database connection successfull
2023-07-06 09:04:12.287 AM:info=>		app is listing on post 8080
2023-07-06 09:04:14.914 AM:info=>		database connection successfull
2023-07-06 09:04:14.920 AM:info=>		app is listing on post 8080
2023-07-06 09:04:26.804 AM:info=>		database connection successfull
2023-07-06 09:04:26.809 AM:info=>		app is listing on post 8080
2023-07-06 09:04:29.025 AM:info=>		database connection successfull
2023-07-06 09:04:29.035 AM:info=>		app is listing on post 8080
2023-07-06 09:04:52.051 AM:info=>		database connection successfull
2023-07-06 09:04:52.056 AM:info=>		app is listing on post 8080
2023-07-06 09:22:38.565 AM:info=>		database connection successfull
2023-07-06 09:22:38.571 AM:info=>		app is listing on post 8080
2023-07-06 09:22:58.823 AM:info=>		database connection successfull
2023-07-06 09:22:58.828 AM:info=>		app is listing on post 8080
2023-07-06 09:23:05.666 AM:info=>		database connection successfull
2023-07-06 09:23:05.672 AM:info=>		app is listing on post 8080
2023-07-06 09:23:09.470 AM:info=>		database connection successfull
2023-07-06 09:23:09.476 AM:info=>		app is listing on post 8080
2023-07-06 09:23:13.235 AM:info=>		database connection successfull
2023-07-06 09:23:13.240 AM:info=>		app is listing on post 8080
2023-07-06 09:26:01.288 AM:info=>		database connection successfull
2023-07-06 09:26:01.294 AM:info=>		app is listing on post 8080
2023-07-06 09:26:04.013 AM:info=>		database connection successfull
2023-07-06 09:26:04.019 AM:info=>		app is listing on post 8080
2023-07-06 09:26:10.426 AM:info=>		database connection successfull
2023-07-06 09:26:10.432 AM:info=>		app is listing on post 8080
2023-07-06 09:26:16.730 AM:info=>		database connection successfull
2023-07-06 09:26:16.736 AM:info=>		app is listing on post 8080
2023-07-06 09:26:18.147 AM:info=>		database connection successfull
2023-07-06 09:26:18.153 AM:info=>		app is listing on post 8080
2023-07-06 09:26:24.057 AM:info=>		database connection successfull
2023-07-06 09:26:24.070 AM:info=>		app is listing on post 8080
2023-07-06 09:26:25.951 AM:info=>		database connection successfull
2023-07-06 09:26:25.957 AM:info=>		app is listing on post 8080
2023-07-06 09:26:28.294 AM:info=>		database connection successfull
2023-07-06 09:26:28.300 AM:info=>		app is listing on post 8080
2023-07-06 10:16:52.567 AM:info=>		database connection successfull
2023-07-06 10:16:52.572 AM:info=>		app is listing on post 8080
2023-07-06 10:16:58.799 AM:info=>		database connection successfull
2023-07-06 10:16:58.805 AM:info=>		app is listing on post 8080
2023-07-06 10:17:01.038 AM:info=>		database connection successfull
2023-07-06 10:17:01.046 AM:info=>		app is listing on post 8080
2023-07-06 10:17:04.631 AM:info=>		database connection successfull
2023-07-06 10:17:04.637 AM:info=>		app is listing on post 8080
2023-07-06 10:17:08.570 AM:info=>		database connection successfull
2023-07-06 10:17:08.577 AM:info=>		app is listing on post 8080
2023-07-06 10:17:10.762 AM:info=>		database connection successfull
2023-07-06 10:17:10.767 AM:info=>		app is listing on post 8080
2023-07-06 10:17:25.965 AM:info=>		database connection successfull
2023-07-06 10:17:25.971 AM:info=>		app is listing on post 8080
2023-07-06 10:17:42.426 AM:info=>		database connection successfull
2023-07-06 10:17:42.431 AM:info=>		app is listing on post 8080
2023-07-06 10:17:56.688 AM:info=>		database connection successfull
2023-07-06 10:17:56.693 AM:info=>		app is listing on post 8080
2023-07-06 10:18:03.441 AM:info=>		database connection successfull
2023-07-06 10:18:03.446 AM:info=>		app is listing on post 8080
2023-07-06 10:18:14.072 AM:info=>		database connection successfull
2023-07-06 10:18:14.078 AM:info=>		app is listing on post 8080
2023-07-06 10:25:46.468 AM:info=>		database connection successfull
2023-07-06 10:25:46.474 AM:info=>		app is listing on post 8080
2023-07-06 10:25:50.582 AM:info=>		database connection successfull
2023-07-06 10:25:50.587 AM:info=>		app is listing on post 8080
2023-07-06 10:25:55.222 AM:info=>		database connection successfull
2023-07-06 10:25:55.228 AM:info=>		app is listing on post 8080
2023-07-06 10:26:04.962 AM:info=>		database connection successfull
2023-07-06 10:26:04.967 AM:info=>		app is listing on post 8080
2023-07-06 10:26:06.871 AM:info=>		database connection successfull
2023-07-06 10:26:06.877 AM:info=>		app is listing on post 8080
2023-07-06 10:26:54.920 AM:info=>		database connection successfull
2023-07-06 10:26:54.926 AM:info=>		app is listing on post 8080
2023-07-06 10:26:57.743 AM:info=>		database connection successfull
2023-07-06 10:26:57.748 AM:info=>		app is listing on post 8080
2023-07-06 10:28:46.860 AM:info=>		database connection successfull
2023-07-06 10:28:46.866 AM:info=>		app is listing on post 8080
2023-07-06 10:29:43.619 AM:info=>		database connection successfull
2023-07-06 10:29:43.625 AM:info=>		app is listing on post 8080
2023-07-06 10:29:49.918 AM:info=>		User
2023-07-06 10:30:10.170 AM:info=>		User
2023-07-06 10:31:01.214 AM:info=>		User
2023-07-06 10:31:01.226 AM:info=>		{
  id: '00001',
  role: 'student',
  password: 'b8a793b1-f1c6-4b0f-8414-f84f9722b74c-1688617861214',
  _id: new ObjectId("64a64385eb0a4ad7f219b879"),
  createdAt: 2023-07-06T04:31:01.216Z,
  updatedAt: 2023-07-06T04:31:01.216Z,
  __v: 0
}
2023-07-06 10:31:22.131 AM:info=>		database connection successfull
2023-07-06 10:31:22.137 AM:info=>		app is listing on post 8080
2023-07-06 10:32:44.448 AM:info=>		database connection successfull
2023-07-06 10:32:44.454 AM:info=>		app is listing on post 8080
2023-07-06 10:32:46.821 AM:info=>		database connection successfull
2023-07-06 10:32:46.827 AM:info=>		app is listing on post 8080
2023-07-06 10:46:29.430 AM:info=>		database connection successfull
2023-07-06 10:46:29.436 AM:info=>		app is listing on post 8080
2023-07-06 10:46:32.733 AM:info=>		database connection successfull
2023-07-06 10:46:32.739 AM:info=>		app is listing on post 8080
2023-07-06 10:46:38.123 AM:info=>		database connection successfull
2023-07-06 10:46:38.128 AM:info=>		app is listing on post 8080
2023-07-06 10:46:41.268 AM:info=>		database connection successfull
2023-07-06 10:46:41.273 AM:info=>		app is listing on post 8080
2023-07-06 10:46:44.695 AM:info=>		database connection successfull
2023-07-06 10:46:44.701 AM:info=>		app is listing on post 8080
2023-07-06 10:46:47.827 AM:info=>		database connection successfull
2023-07-06 10:46:47.832 AM:info=>		app is listing on post 8080
2023-07-06 10:46:51.954 AM:info=>		database connection successfull
2023-07-06 10:46:51.960 AM:info=>		app is listing on post 8080
2023-07-06 10:46:58.181 AM:info=>		database connection successfull
2023-07-06 10:46:58.187 AM:info=>		app is listing on post 8080
2023-07-06 10:47:03.040 AM:info=>		database connection successfull
2023-07-06 10:47:03.046 AM:info=>		app is listing on post 8080
2023-07-06 10:47:57.197 AM:info=>		database connection successfull
2023-07-06 10:47:57.203 AM:info=>		app is listing on post 8080
2023-07-06 10:48:03.870 AM:info=>		database connection successfull
2023-07-06 10:48:03.877 AM:info=>		app is listing on post 8080
2023-07-06 10:54:39.870 AM:info=>		database connection successfull
2023-07-06 10:54:39.876 AM:info=>		app is listing on post 8080
2023-07-06 10:54:56.079 AM:info=>		database connection successfull
2023-07-06 10:54:56.085 AM:info=>		app is listing on post 8080
2023-07-06 10:54:57.709 AM:info=>		database connection successfull
2023-07-06 10:54:57.716 AM:info=>		app is listing on post 8080
2023-07-06 10:55:39.137 AM:info=>		database connection successfull
2023-07-06 10:55:39.143 AM:info=>		app is listing on post 8080
2023-07-06 10:57:28.159 AM:info=>		database connection successfull
2023-07-06 10:57:28.167 AM:info=>		app is listing on post 8080
2023-07-06 10:57:30.631 AM:info=>		database connection successfull
2023-07-06 10:57:33.025 AM:info=>		database connection successfull
2023-07-06 10:57:33.032 AM:info=>		app is listing on post 8080
2023-07-06 10:57:35.246 AM:info=>		database connection successfull
2023-07-06 10:57:35.253 AM:info=>		app is listing on post 8080
2023-07-06 10:57:38.830 AM:info=>		database connection successfull
2023-07-06 10:57:40.353 AM:info=>		database connection successfull
2023-07-06 10:57:40.360 AM:info=>		app is listing on post 8080
2023-07-06 10:57:43.425 AM:info=>		database connection successfull
2023-07-06 10:57:43.431 AM:info=>		app is listing on post 8080
2023-07-06 10:57:44.903 AM:info=>		database connection successfull
2023-07-06 10:57:44.909 AM:info=>		app is listing on post 8080
2023-07-06 10:57:48.683 AM:info=>		database connection successfull
2023-07-06 10:57:48.690 AM:info=>		app is listing on post 8080
2023-07-06 10:57:50.284 AM:info=>		database connection successfull
2023-07-06 10:57:50.289 AM:info=>		app is listing on post 8080
2023-07-06 10:57:51.886 AM:info=>		database connection successfull
2023-07-06 10:57:51.892 AM:info=>		app is listing on post 8080
2023-07-06 10:57:53.506 AM:info=>		database connection successfull
2023-07-06 10:57:53.523 AM:info=>		app is listing on post 8080
2023-07-06 10:57:56.674 AM:info=>		database connection successfull
2023-07-06 10:57:56.679 AM:info=>		app is listing on post 8080
2023-07-06 10:58:10.254 AM:info=>		database connection successfull
2023-07-06 10:58:10.261 AM:info=>		app is listing on post 8080
2023-07-06 10:58:12.123 AM:info=>		database connection successfull
2023-07-06 10:58:12.129 AM:info=>		app is listing on post 8080
2023-07-06 10:58:14.678 AM:info=>		database connection successfull
2023-07-06 10:58:14.684 AM:info=>		app is listing on post 8080
2023-07-06 10:58:18.276 AM:info=>		database connection successfull
2023-07-06 10:58:18.283 AM:info=>		app is listing on post 8080
2023-07-06 10:58:20.104 AM:info=>		database connection successfull
2023-07-06 10:58:20.109 AM:info=>		app is listing on post 8080
2023-07-06 10:58:21.825 AM:info=>		database connection successfull
2023-07-06 10:58:21.832 AM:info=>		app is listing on post 8080
2023-07-06 10:58:23.491 AM:info=>		database connection successfull
2023-07-06 10:58:23.497 AM:info=>		app is listing on post 8080
2023-07-06 10:58:26.099 AM:info=>		database connection successfull
2023-07-06 10:58:26.104 AM:info=>		app is listing on post 8080
2023-07-06 10:58:27.544 AM:info=>		database connection successfull
2023-07-06 10:58:27.549 AM:info=>		app is listing on post 8080
2023-07-06 10:58:29.114 AM:info=>		database connection successfull
2023-07-06 10:58:29.119 AM:info=>		app is listing on post 8080
2023-07-06 10:58:37.915 AM:info=>		database connection successfull
2023-07-06 10:58:37.920 AM:info=>		app is listing on post 8080
2023-07-06 10:58:42.830 AM:info=>		database connection successfull
2023-07-06 10:58:42.835 AM:info=>		app is listing on post 8080
2023-07-06 10:58:45.847 AM:info=>		database connection successfull
2023-07-06 10:58:45.853 AM:info=>		app is listing on post 8080
2023-07-06 10:58:51.692 AM:info=>		database connection successfull
2023-07-06 10:58:51.697 AM:info=>		app is listing on post 8080
2023-07-06 10:58:53.216 AM:info=>		database connection successfull
2023-07-06 10:58:53.221 AM:info=>		app is listing on post 8080
2023-07-06 10:58:56.758 AM:info=>		database connection successfull
2023-07-06 10:58:56.764 AM:info=>		app is listing on post 8080
2023-07-06 11:00:26.470 AM:info=>		database connection successfull
2023-07-06 11:00:26.479 AM:info=>		app is listing on post 8080
2023-07-06 11:01:06.563 AM:info=>		database connection successfull
2023-07-06 11:01:06.569 AM:info=>		app is listing on post 8080
2023-07-06 11:06:18.163 AM:info=>		database connection successfull
2023-07-06 11:06:18.168 AM:info=>		app is listing on post 8080
2023-07-06 11:06:44.612 AM:info=>		database connection successfull
2023-07-06 11:06:44.618 AM:info=>		app is listing on post 8080
2023-07-06 11:07:57.864 AM:info=>		database connection successfull
2023-07-06 11:07:57.870 AM:info=>		app is listing on post 8080
2023-07-06 11:07:59.403 AM:info=>		database connection successfull
2023-07-06 11:07:59.409 AM:info=>		app is listing on post 8080
2023-07-06 11:08:09.532 AM:info=>		database connection successfull
2023-07-06 11:08:09.538 AM:info=>		app is listing on post 8080
2023-07-06 11:08:14.142 AM:info=>		database connection successfull
2023-07-06 11:08:14.148 AM:info=>		app is listing on post 8080
2023-07-06 11:08:16.358 AM:info=>		database connection successfull
2023-07-06 11:08:16.363 AM:info=>		app is listing on post 8080
2023-07-06 11:09:11.656 AM:info=>		database connection successfull
2023-07-06 11:09:11.661 AM:info=>		app is listing on post 8080
2023-07-06 11:09:55.480 AM:info=>		database connection successfull
2023-07-06 11:09:55.485 AM:info=>		app is listing on post 8080
2023-07-06 11:09:58.463 AM:info=>		database connection successfull
2023-07-06 11:09:58.468 AM:info=>		app is listing on post 8080
2023-07-06 11:11:26.262 AM:info=>		database connection successfull
2023-07-06 11:11:26.267 AM:info=>		app is listing on post 8080
2023-07-06 11:12:00.570 AM:info=>		database connection successfull
2023-07-06 11:12:00.575 AM:info=>		app is listing on post 8080
2023-07-06 11:12:03.212 AM:info=>		database connection successfull
2023-07-06 11:12:03.218 AM:info=>		app is listing on post 8080
2023-07-06 11:12:26.128 AM:info=>		database connection successfull
2023-07-06 11:12:26.133 AM:info=>		app is listing on post 8080
2023-07-06 11:14:56.577 AM:info=>		database connection successfull
2023-07-06 11:14:56.582 AM:info=>		app is listing on post 8080
2023-07-06 11:15:30.775 AM:info=>		database connection successfull
2023-07-06 11:15:30.781 AM:info=>		app is listing on post 8080
2023-07-06 11:15:36.920 AM:info=>		database connection successfull
2023-07-06 11:15:36.925 AM:info=>		app is listing on post 8080
2023-07-06 11:15:42.327 AM:info=>		database connection successfull
2023-07-06 11:15:42.333 AM:info=>		app is listing on post 8080
2023-07-06 11:15:50.897 AM:info=>		database connection successfull
2023-07-06 11:15:50.903 AM:info=>		app is listing on post 8080
2023-07-06 11:15:57.841 AM:info=>		database connection successfull
2023-07-06 11:15:57.846 AM:info=>		app is listing on post 8080
2023-07-06 11:16:00.915 AM:info=>		database connection successfull
2023-07-06 11:16:00.921 AM:info=>		app is listing on post 8080
2023-07-06 11:16:03.152 AM:info=>		database connection successfull
2023-07-06 11:16:03.158 AM:info=>		app is listing on post 8080
2023-07-06 11:16:24.702 AM:info=>		database connection successfull
2023-07-06 11:16:24.708 AM:info=>		app is listing on post 8080
2023-07-06 11:17:00.855 AM:info=>		database connection successfull
2023-07-06 11:17:00.861 AM:info=>		app is listing on post 8080
2023-07-06 11:17:05.554 AM:info=>		database connection successfull
2023-07-06 11:17:05.560 AM:info=>		app is listing on post 8080
2023-07-06 11:17:57.283 AM:info=>		database connection successfull
2023-07-06 11:17:57.289 AM:info=>		app is listing on post 8080
2023-07-06 11:23:05.709 AM:info=>		database connection successfull
2023-07-06 11:23:05.715 AM:info=>		app is listing on post 8080
2023-07-06 11:23:07.618 AM:info=>		database connection successfull
2023-07-06 11:23:07.625 AM:info=>		app is listing on post 8080
2023-07-06 11:23:10.403 AM:info=>		database connection successfull
2023-07-06 11:23:10.409 AM:info=>		app is listing on post 8080
2023-07-11 10:59:03.741 AM:info=>		database connection successfull
2023-07-11 10:59:03.745 AM:info=>		app is listing on post 8080
2023-07-11 11:00:41.958 AM:info=>		database connection successfull
2023-07-11 11:00:41.964 AM:info=>		app is listing on post 8080
2023-07-11 11:00:44.778 AM:info=>		User
2023-07-11 11:00:44.806 AM:info=>		{
  id: '00002',
  role: '7',
  password: '7b6f7a7b-679f-43ee-b629-e711e3c3867a-1689051644776',
  _id: new ObjectId("64ace1fc3c0071d23f560a7d"),
  createdAt: 2023-07-11T05:00:44.792Z,
  updatedAt: 2023-07-11T05:00:44.792Z,
  __v: 0
}
2023-07-11 11:00:52.491 AM:info=>		User
2023-07-11 11:01:47.840 AM:info=>		database connection successfull
2023-07-11 11:01:47.847 AM:info=>		app is listing on post 8080
2023-07-11 11:01:54.826 AM:info=>		database connection successfull
2023-07-11 11:01:54.832 AM:info=>		app is listing on post 8080
2023-07-11 12:56:50.526 PM:info=>		database connection successfull
2023-07-11 12:56:50.529 PM:info=>		app is listing on post 8080
2023-07-11 12:56:51.817 PM:info=>		database connection successfull
2023-07-11 12:56:51.821 PM:info=>		app is listing on post 8080
2023-07-12 10:49:26.858 AM:info=>		database connection successfull
2023-07-12 10:49:26.865 AM:info=>		app is listing on post 8080
2023-07-12 11:08:39.086 AM:info=>		database connection successfull
2023-07-12 11:08:39.089 AM:info=>		app is listing on post 8080
2023-07-12 11:08:43.201 AM:info=>		database connection successfull
2023-07-12 11:08:43.207 AM:info=>		app is listing on post 8080
2023-07-12 11:08:45.140 AM:info=>		database connection successfull
2023-07-12 11:08:45.146 AM:info=>		app is listing on post 8080
2023-07-12 11:08:53.521 AM:info=>		database connection successfull
2023-07-12 11:08:53.527 AM:info=>		app is listing on post 8080
2023-07-12 11:09:18.405 AM:info=>		database connection successfull
2023-07-12 11:09:18.411 AM:info=>		app is listing on post 8080
2023-07-12 11:09:20.775 AM:info=>		database connection successfull
2023-07-12 11:09:20.780 AM:info=>		app is listing on post 8080
2023-07-12 11:09:37.254 AM:info=>		database connection successfull
2023-07-12 11:09:37.261 AM:info=>		app is listing on post 8080
2023-07-12 11:09:51.912 AM:info=>		database connection successfull
2023-07-12 11:09:51.919 AM:info=>		app is listing on post 8080
2023-07-12 11:09:54.724 AM:info=>		database connection successfull
2023-07-12 11:09:54.729 AM:info=>		app is listing on post 8080
2023-07-12 11:10:03.099 AM:info=>		database connection successfull
2023-07-12 11:10:03.106 AM:info=>		app is listing on post 8080
2023-07-12 11:14:15.141 AM:info=>		database connection successfull
2023-07-12 11:14:15.148 AM:info=>		app is listing on post 8080
2023-07-12 11:14:21.044 AM:info=>		database connection successfull
2023-07-12 11:14:21.053 AM:info=>		app is listing on post 8080
2023-07-12 11:14:24.186 AM:info=>		database connection successfull
2023-07-12 11:14:24.193 AM:info=>		app is listing on post 8080
2023-07-12 11:14:27.164 AM:info=>		database connection successfull
2023-07-12 11:14:27.171 AM:info=>		app is listing on post 8080
2023-07-12 11:14:30.413 AM:info=>		database connection successfull
2023-07-12 11:14:30.420 AM:info=>		app is listing on post 8080
2023-07-12 11:17:12.559 AM:info=>		database connection successfull
2023-07-12 11:17:12.564 AM:info=>		app is listing on post 8080
2023-07-12 11:25:30.666 AM:info=>		database connection successfull
2023-07-12 11:25:30.672 AM:info=>		app is listing on post 8080
2023-07-12 11:25:38.034 AM:info=>		database connection successfull
2023-07-12 11:25:38.040 AM:info=>		app is listing on post 8080
2023-07-12 11:25:41.080 AM:info=>		database connection successfull
2023-07-12 11:25:41.091 AM:info=>		app is listing on post 8080
2023-07-12 11:27:46.794 AM:info=>		database connection successfull
2023-07-12 11:27:46.801 AM:info=>		app is listing on post 8080
2023-07-12 11:27:55.391 AM:info=>		database connection successfull
2023-07-12 11:27:55.396 AM:info=>		app is listing on post 8080
2023-07-12 11:31:15.517 AM:info=>		database connection successfull
2023-07-12 11:31:15.522 AM:info=>		app is listing on post 8080
2023-07-12 11:31:24.234 AM:info=>		database connection successfull
2023-07-12 11:31:24.240 AM:info=>		app is listing on post 8080
2023-07-12 11:32:13.308 AM:info=>		database connection successfull
2023-07-12 11:32:13.314 AM:info=>		app is listing on post 8080
2023-07-12 11:32:14.841 AM:info=>		database connection successfull
2023-07-12 11:32:14.847 AM:info=>		app is listing on post 8080
2023-07-12 11:32:32.602 AM:info=>		database connection successfull
2023-07-12 11:32:32.610 AM:info=>		app is listing on post 8080
2023-07-12 11:32:35.789 AM:info=>		database connection successfull
2023-07-12 11:32:35.796 AM:info=>		app is listing on post 8080
2023-07-12 11:32:39.338 AM:info=>		database connection successfull
2023-07-12 11:32:39.344 AM:info=>		app is listing on post 8080
2023-07-12 11:32:43.462 AM:info=>		database connection successfull
2023-07-12 11:32:43.467 AM:info=>		app is listing on post 8080
2023-07-12 11:32:47.309 AM:info=>		database connection successfull
2023-07-12 11:32:47.314 AM:info=>		app is listing on post 8080
2023-07-12 11:32:51.776 AM:info=>		database connection successfull
2023-07-12 11:32:51.781 AM:info=>		app is listing on post 8080
2023-07-12 11:33:11.600 AM:info=>		database connection successfull
2023-07-12 11:33:11.608 AM:info=>		app is listing on post 8080
2023-07-12 11:33:14.103 AM:info=>		database connection successfull
2023-07-12 11:33:14.137 AM:info=>		app is listing on post 8080
2023-07-12 11:33:23.715 AM:info=>		database connection successfull
2023-07-12 11:33:23.723 AM:info=>		app is listing on post 8080
2023-07-12 11:33:27.668 AM:info=>		database connection successfull
2023-07-12 11:33:27.675 AM:info=>		app is listing on post 8080
2023-07-12 11:33:29.974 AM:info=>		database connection successfull
2023-07-12 11:33:29.979 AM:info=>		app is listing on post 8080
2023-07-12 11:33:36.269 AM:info=>		database connection successfull
2023-07-12 11:33:36.275 AM:info=>		app is listing on post 8080
2023-07-12 11:33:38.555 AM:info=>		database connection successfull
2023-07-12 11:33:38.561 AM:info=>		app is listing on post 8080
2023-07-12 11:33:44.186 AM:info=>		database connection successfull
2023-07-12 11:33:44.192 AM:info=>		app is listing on post 8080
2023-07-12 11:34:46.319 AM:info=>		database connection successfull
2023-07-12 11:34:46.326 AM:info=>		app is listing on post 8080
2023-07-12 11:34:51.064 AM:info=>		database connection successfull
2023-07-12 11:34:51.070 AM:info=>		app is listing on post 8080
2023-07-12 11:35:00.621 AM:info=>		database connection successfull
2023-07-12 11:35:00.627 AM:info=>		app is listing on post 8080
2023-07-12 11:35:09.238 AM:info=>		database connection successfull
2023-07-12 11:35:09.244 AM:info=>		app is listing on post 8080
2023-07-12 11:35:15.145 AM:info=>		database connection successfull
2023-07-12 11:35:15.153 AM:info=>		app is listing on post 8080
2023-07-12 11:35:21.918 AM:info=>		database connection successfull
2023-07-12 11:35:21.924 AM:info=>		app is listing on post 8080
2023-07-12 11:35:23.904 AM:info=>		database connection successfull
2023-07-12 11:35:23.909 AM:info=>		app is listing on post 8080
2023-07-12 11:35:34.102 AM:info=>		database connection successfull
2023-07-12 11:35:34.107 AM:info=>		app is listing on post 8080
2023-07-12 11:36:07.737 AM:info=>		database connection successfull
2023-07-12 11:36:07.742 AM:info=>		app is listing on post 8080
2023-07-12 11:36:10.631 AM:info=>		database connection successfull
2023-07-12 11:36:10.636 AM:info=>		app is listing on post 8080
2023-07-12 11:36:52.838 AM:info=>		database connection successfull
2023-07-12 11:36:52.844 AM:info=>		app is listing on post 8080
2023-07-12 11:37:01.848 AM:info=>		database connection successfull
2023-07-12 11:37:01.854 AM:info=>		app is listing on post 8080
2023-07-12 11:37:06.720 AM:info=>		database connection successfull
2023-07-12 11:37:06.726 AM:info=>		app is listing on post 8080
2023-07-12 11:37:18.011 AM:info=>		database connection successfull
2023-07-12 11:37:18.017 AM:info=>		app is listing on post 8080
2023-07-12 11:37:37.227 AM:info=>		database connection successfull
2023-07-12 11:37:37.234 AM:info=>		app is listing on post 8080
2023-07-12 11:37:40.028 AM:info=>		database connection successfull
2023-07-12 11:37:40.033 AM:info=>		app is listing on post 8080
2023-07-12 11:38:36.916 AM:info=>		database connection successfull
2023-07-12 11:38:36.922 AM:info=>		app is listing on post 8080
2023-07-12 11:38:41.860 AM:info=>		database connection successfull
2023-07-12 11:38:41.867 AM:info=>		app is listing on post 8080
2023-07-12 11:38:45.020 AM:info=>		database connection successfull
2023-07-12 11:38:45.025 AM:info=>		app is listing on post 8080
2023-07-12 11:38:46.424 AM:info=>		database connection successfull
2023-07-12 11:38:46.430 AM:info=>		app is listing on post 8080
2023-07-12 11:38:50.977 AM:info=>		database connection successfull
2023-07-12 11:38:50.983 AM:info=>		app is listing on post 8080
2023-07-12 11:39:05.757 AM:info=>		database connection successfull
2023-07-12 11:39:05.769 AM:info=>		app is listing on post 8080
2023-07-12 11:39:08.430 AM:info=>		database connection successfull
2023-07-12 11:39:08.436 AM:info=>		app is listing on post 8080
2023-07-12 11:39:41.491 AM:info=>		database connection successfull
2023-07-12 11:39:41.496 AM:info=>		app is listing on post 8080
2023-07-12 11:45:37.623 AM:info=>		database connection successfull
2023-07-12 11:45:37.630 AM:info=>		app is listing on post 8080
2023-07-12 11:45:41.947 AM:info=>		database connection successfull
2023-07-12 11:45:41.955 AM:info=>		app is listing on post 8080
2023-07-12 11:45:45.594 AM:info=>		database connection successfull
2023-07-12 11:45:45.600 AM:info=>		app is listing on post 8080
2023-07-12 11:45:49.884 AM:info=>		database connection successfull
2023-07-12 11:45:49.890 AM:info=>		app is listing on post 8080
2023-07-12 11:45:55.560 AM:info=>		database connection successfull
2023-07-12 11:45:55.566 AM:info=>		app is listing on post 8080
2023-07-12 11:47:01.483 AM:info=>		database connection successfull
2023-07-12 11:47:01.488 AM:info=>		app is listing on post 8080
2023-07-12 11:47:06.125 AM:info=>		database connection successfull
2023-07-12 11:47:06.132 AM:info=>		app is listing on post 8080
2023-07-12 11:47:12.779 AM:info=>		database connection successfull
2023-07-12 11:47:12.787 AM:info=>		app is listing on post 8080
2023-07-12 11:47:21.602 AM:info=>		database connection successfull
2023-07-12 11:47:21.608 AM:info=>		app is listing on post 8080
2023-07-12 11:47:23.282 AM:info=>		database connection successfull
2023-07-12 11:47:23.288 AM:info=>		app is listing on post 8080
2023-07-12 11:47:25.488 AM:info=>		database connection successfull
2023-07-12 11:47:25.494 AM:info=>		app is listing on post 8080
2023-07-12 11:57:06.555 AM:info=>		database connection successfull
2023-07-12 11:57:06.560 AM:info=>		app is listing on post 8080
2023-07-12 11:58:16.677 AM:info=>		database connection successfull
2023-07-12 11:58:16.684 AM:info=>		app is listing on post 8080
2023-07-12 11:59:24.844 AM:info=>		database connection successfull
2023-07-12 11:59:24.850 AM:info=>		app is listing on post 8080
2023-07-12 11:59:40.250 AM:info=>		database connection successfull
2023-07-12 11:59:40.256 AM:info=>		app is listing on post 8080
2023-07-12 12:00:09.658 PM:info=>		database connection successfull
2023-07-12 12:00:09.664 PM:info=>		app is listing on post 8080
2023-07-12 12:00:11.314 PM:info=>		database connection successfull
2023-07-12 12:00:11.320 PM:info=>		app is listing on post 8080
2023-07-12 12:00:51.376 PM:info=>		database connection successfull
2023-07-12 12:00:51.384 PM:info=>		app is listing on post 8080
2023-07-12 12:00:53.277 PM:info=>		database connection successfull
2023-07-12 12:00:53.282 PM:info=>		app is listing on post 8080
2023-07-12 12:00:58.621 PM:info=>		database connection successfull
2023-07-12 12:00:58.627 PM:info=>		app is listing on post 8080
2023-07-12 12:01:00.843 PM:info=>		database connection successfull
2023-07-12 12:01:00.848 PM:info=>		app is listing on post 8080
2023-07-12 12:03:07.809 PM:info=>		database connection successfull
2023-07-12 12:03:07.817 PM:info=>		app is listing on post 8080
2023-07-12 12:03:26.325 PM:info=>		database connection successfull
2023-07-12 12:03:26.331 PM:info=>		app is listing on post 8080
2023-07-12 12:03:33.835 PM:info=>		database connection successfull
2023-07-12 12:03:33.841 PM:info=>		app is listing on post 8080
2023-07-12 12:04:48.355 PM:info=>		database connection successfull
2023-07-12 12:04:48.363 PM:info=>		app is listing on post 8080
2023-07-12 12:04:52.446 PM:info=>		database connection successfull
2023-07-12 12:04:52.451 PM:info=>		app is listing on post 8080
2023-07-12 12:05:11.288 PM:info=>		database connection successfull
2023-07-12 12:05:11.295 PM:info=>		app is listing on post 8080
2023-07-12 12:05:34.084 PM:info=>		database connection successfull
2023-07-12 12:05:34.090 PM:info=>		app is listing on post 8080
2023-07-12 12:06:56.644 PM:info=>		database connection successfull
2023-07-12 12:06:56.651 PM:info=>		app is listing on post 8080
2023-07-12 12:07:11.413 PM:info=>		database connection successfull
2023-07-12 12:07:11.419 PM:info=>		app is listing on post 8080
2023-07-12 12:08:55.400 PM:info=>		database connection successfull
2023-07-12 12:08:55.405 PM:info=>		app is listing on post 8080
2023-07-14 10:37:18.951 AM:info=>		database connection successfull
2023-07-14 10:37:18.957 AM:info=>		app is listing on post 8080
2023-07-14 10:41:08.113 AM:info=>		database connection successfull
2023-07-14 10:41:08.121 AM:info=>		app is listing on post 8080
2023-07-14 10:41:29.475 AM:info=>		database connection successfull
2023-07-14 10:41:29.481 AM:info=>		app is listing on post 8080
2023-07-14 10:42:46.734 AM:info=>		database connection successfull
2023-07-14 10:42:46.740 AM:info=>		app is listing on post 8080
2023-07-14 10:43:25.728 AM:info=>		database connection successfull
2023-07-14 10:43:25.734 AM:info=>		app is listing on post 8080
2023-07-14 10:43:30.512 AM:info=>		database connection successfull
2023-07-14 10:43:30.518 AM:info=>		app is listing on post 8080
2023-07-14 10:45:12.817 AM:info=>		database connection successfull
2023-07-14 10:45:12.823 AM:info=>		app is listing on post 8080
2023-07-14 10:45:42.815 AM:info=>		database connection successfull
2023-07-14 10:45:42.821 AM:info=>		app is listing on post 8080
2023-07-14 10:45:52.316 AM:info=>		database connection successfull
2023-07-14 10:45:52.323 AM:info=>		app is listing on post 8080
2023-07-14 10:45:54.514 AM:info=>		database connection successfull
2023-07-14 10:45:54.519 AM:info=>		app is listing on post 8080
2023-07-14 10:46:23.027 AM:info=>		database connection successfull
2023-07-14 10:46:23.032 AM:info=>		app is listing on post 8080
2023-07-14 10:46:25.591 AM:info=>		database connection successfull
2023-07-14 10:46:25.598 AM:info=>		app is listing on post 8080
2023-07-14 10:46:34.346 AM:info=>		database connection successfull
2023-07-14 10:46:34.354 AM:info=>		app is listing on post 8080
2023-07-14 10:46:44.780 AM:info=>		database connection successfull
2023-07-14 10:46:44.786 AM:info=>		app is listing on post 8080
2023-07-14 10:47:02.518 AM:info=>		database connection successfull
2023-07-14 10:47:02.524 AM:info=>		app is listing on post 8080
2023-07-14 10:47:34.956 AM:info=>		database connection successfull
2023-07-14 10:47:34.961 AM:info=>		app is listing on post 8080
2023-07-14 10:50:51.976 AM:info=>		database connection successfull
2023-07-14 10:50:51.982 AM:info=>		app is listing on post 8080
2023-07-15 06:26:47.230 AM:info=>		database connection successfull
2023-07-15 06:26:47.235 AM:info=>		app is listing on post 8080
2023-07-15 09:28:27.690 AM:info=>		database connection successfull
2023-07-15 09:28:27.695 AM:info=>		app is listing on post 8080
2023-07-15 09:30:29.330 AM:info=>		database connection successfull
2023-07-15 09:30:29.335 AM:info=>		app is listing on post 8080
2023-07-15 09:30:32.360 AM:info=>		database connection successfull
2023-07-15 09:30:32.366 AM:info=>		app is listing on post 8080
2023-07-15 09:30:35.939 AM:info=>		database connection successfull
2023-07-15 09:30:35.944 AM:info=>		app is listing on post 8080
2023-07-15 09:30:44.293 AM:info=>		database connection successfull
2023-07-15 09:30:44.300 AM:info=>		app is listing on post 8080
2023-07-15 09:30:46.299 AM:info=>		database connection successfull
2023-07-15 09:30:46.306 AM:info=>		app is listing on post 8080
2023-07-15 09:30:49.331 AM:info=>		[object Object]
2023-07-15 09:31:22.330 AM:info=>		[object Object]
2023-07-15 10:21:47.542 AM:info=>		database connection successfull
2023-07-15 10:21:47.548 AM:info=>		app is listing on post 8080
2023-07-16 10:26:39.455 AM:info=>		database connection successfull
2023-07-16 10:26:39.460 AM:info=>		app is listing on post 8080
2023-07-16 10:26:47.892 AM:info=>		database connection successfull
2023-07-16 10:26:47.897 AM:info=>		app is listing on post 8080
2023-07-16 10:26:49.524 AM:info=>		database connection successfull
2023-07-16 10:26:49.530 AM:info=>		app is listing on post 8080
2023-07-16 10:26:56.890 AM:info=>		database connection successfull
2023-07-16 10:26:56.896 AM:info=>		app is listing on post 8080
2023-07-16 10:27:00.065 AM:info=>		database connection successfull
2023-07-16 10:27:00.069 AM:info=>		app is listing on post 8080
2023-07-16 10:27:04.281 AM:info=>		database connection successfull
2023-07-16 10:27:04.286 AM:info=>		app is listing on post 8080
2023-07-16 10:29:33.698 AM:info=>		[object Object]
2023-07-16 10:39:23.011 AM:info=>		database connection successfull
2023-07-16 10:39:23.017 AM:info=>		app is listing on post 8080
2023-07-16 10:39:34.143 AM:info=>		database connection successfull
2023-07-16 10:39:34.149 AM:info=>		app is listing on post 8080
2023-07-16 10:39:39.428 AM:info=>		database connection successfull
2023-07-16 10:39:39.435 AM:info=>		app is listing on post 8080
2023-07-16 10:39:41.825 AM:info=>		database connection successfull
2023-07-16 10:39:41.831 AM:info=>		app is listing on post 8080
2023-07-16 10:40:27.041 AM:info=>		database connection successfull
2023-07-16 10:40:27.059 AM:info=>		app is listing on post 8080
2023-07-16 10:40:37.598 AM:info=>		database connection successfull
2023-07-16 10:40:37.604 AM:info=>		app is listing on post 8080
2023-07-16 10:40:46.662 AM:info=>		database connection successfull
2023-07-16 10:40:46.668 AM:info=>		app is listing on post 8080
2023-07-16 10:40:56.723 AM:info=>		database connection successfull
2023-07-16 10:40:56.732 AM:info=>		app is listing on post 8080
2023-07-16 10:40:59.458 AM:info=>		database connection successfull
2023-07-16 10:40:59.463 AM:info=>		app is listing on post 8080
2023-07-16 10:41:49.281 AM:info=>		database connection successfull
2023-07-16 10:41:49.287 AM:info=>		app is listing on post 8080
2023-07-16 10:41:57.388 AM:info=>		database connection successfull
2023-07-16 10:41:57.393 AM:info=>		app is listing on post 8080
2023-07-16 10:41:59.564 AM:info=>		database connection successfull
2023-07-16 10:41:59.570 AM:info=>		app is listing on post 8080
2023-07-16 10:42:04.376 AM:info=>		database connection successfull
2023-07-16 10:42:04.383 AM:info=>		app is listing on post 8080
2023-07-16 10:42:10.600 AM:info=>		database connection successfull
2023-07-16 10:42:10.618 AM:info=>		app is listing on post 8080
2023-07-16 10:42:12.877 AM:info=>		database connection successfull
2023-07-16 10:42:12.886 AM:info=>		app is listing on post 8080
2023-07-16 10:42:15.072 AM:info=>		database connection successfull
2023-07-16 10:42:15.077 AM:info=>		app is listing on post 8080
2023-07-16 10:42:17.455 AM:info=>		database connection successfull
2023-07-16 10:42:17.461 AM:info=>		app is listing on post 8080
2023-07-16 10:42:24.921 AM:info=>		database connection successfull
2023-07-16 10:42:24.927 AM:info=>		app is listing on post 8080
2023-07-16 10:42:28.437 AM:info=>		database connection successfull
2023-07-16 10:42:28.443 AM:info=>		app is listing on post 8080
2023-07-16 10:42:32.945 AM:info=>		database connection successfull
2023-07-16 10:42:32.951 AM:info=>		app is listing on post 8080
2023-07-16 10:42:35.799 AM:info=>		[object Object]
2023-07-16 10:42:51.750 AM:info=>		database connection successfull
2023-07-16 10:42:51.757 AM:info=>		app is listing on post 8080
2023-07-16 10:42:53.990 AM:info=>		database connection successfull
2023-07-16 10:42:53.995 AM:info=>		app is listing on post 8080
2023-07-16 10:43:02.161 AM:info=>		database connection successfull
2023-07-16 10:43:02.166 AM:info=>		app is listing on post 8080
2023-07-16 10:43:07.383 AM:info=>		database connection successfull
2023-07-16 10:43:07.389 AM:info=>		app is listing on post 8080
2023-07-16 10:43:09.498 AM:info=>		database connection successfull
2023-07-16 10:43:09.504 AM:info=>		app is listing on post 8080
2023-07-16 10:43:11.203 AM:info=>		database connection successfull
2023-07-16 10:43:11.209 AM:info=>		app is listing on post 8080
2023-07-16 10:43:17.710 AM:info=>		database connection successfull
2023-07-16 10:43:17.719 AM:info=>		app is listing on post 8080
2023-07-16 10:43:21.150 AM:info=>		database connection successfull
2023-07-16 10:43:21.156 AM:info=>		app is listing on post 8080
2023-07-16 10:43:24.665 AM:info=>		database connection successfull
2023-07-16 10:43:24.674 AM:info=>		app is listing on post 8080
2023-07-16 10:43:55.031 AM:info=>		database connection successfull
2023-07-16 10:43:55.036 AM:info=>		app is listing on post 8080
2023-07-16 10:44:00.770 AM:info=>		database connection successfull
2023-07-16 10:44:00.776 AM:info=>		app is listing on post 8080
2023-07-16 10:44:09.197 AM:info=>		database connection successfull
2023-07-16 10:44:09.203 AM:info=>		app is listing on post 8080
2023-07-16 10:45:50.473 AM:info=>		database connection successfull
2023-07-16 10:45:50.481 AM:info=>		app is listing on post 8080
2023-07-16 10:45:58.745 AM:info=>		database connection successfull
2023-07-16 10:45:58.753 AM:info=>		app is listing on post 8080
2023-07-16 10:46:08.048 AM:info=>		database connection successfull
2023-07-16 10:46:08.054 AM:info=>		app is listing on post 8080
2023-07-16 10:46:15.169 AM:info=>		database connection successfull
2023-07-16 10:46:15.175 AM:info=>		app is listing on post 8080
2023-07-16 10:46:23.358 AM:info=>		database connection successfull
2023-07-16 10:46:23.364 AM:info=>		app is listing on post 8080
2023-07-16 10:46:25.729 AM:info=>		database connection successfull
2023-07-16 10:46:25.736 AM:info=>		app is listing on post 8080
2023-07-16 10:46:33.869 AM:info=>		database connection successfull
2023-07-16 10:46:33.875 AM:info=>		app is listing on post 8080
2023-07-16 10:46:36.242 AM:info=>		[object Object]
2023-07-16 10:47:08.134 AM:info=>		database connection successfull
2023-07-16 10:47:08.143 AM:info=>		app is listing on post 8080
2023-07-16 10:47:12.297 AM:info=>		database connection successfull
2023-07-16 10:47:12.303 AM:info=>		app is listing on post 8080
2023-07-16 10:53:40.658 AM:info=>		database connection successfull
2023-07-16 10:53:40.664 AM:info=>		app is listing on post 8080
2023-07-16 10:53:42.730 AM:info=>		database connection successfull
2023-07-16 10:53:42.737 AM:info=>		app is listing on post 8080
2023-07-16 10:54:08.456 AM:info=>		database connection successfull
2023-07-16 10:54:08.462 AM:info=>		app is listing on post 8080
2023-07-16 10:54:09.894 AM:info=>		database connection successfull
2023-07-16 10:54:09.899 AM:info=>		app is listing on post 8080
2023-07-16 10:54:13.552 AM:info=>		database connection successfull
2023-07-16 10:54:13.558 AM:info=>		app is listing on post 8080
2023-07-16 10:54:28.651 AM:info=>		database connection successfull
2023-07-16 10:54:28.658 AM:info=>		app is listing on post 8080
2023-07-16 10:54:31.332 AM:info=>		database connection successfull
2023-07-16 10:54:31.338 AM:info=>		app is listing on post 8080
2023-07-16 10:54:48.047 AM:info=>		database connection successfull
2023-07-16 10:54:48.052 AM:info=>		app is listing on post 8080
2023-07-16 10:54:52.940 AM:info=>		database connection successfull
2023-07-16 10:54:52.946 AM:info=>		app is listing on post 8080
2023-07-16 10:55:00.005 AM:info=>		database connection successfull
2023-07-16 10:55:00.013 AM:info=>		app is listing on post 8080
2023-07-16 10:55:01.578 AM:info=>		database connection successfull
2023-07-16 10:55:01.585 AM:info=>		app is listing on post 8080
2023-07-16 10:55:05.625 AM:info=>		database connection successfull
2023-07-16 10:55:05.634 AM:info=>		app is listing on post 8080
2023-07-16 10:55:09.269 AM:info=>		database connection successfull
2023-07-16 10:55:09.275 AM:info=>		app is listing on post 8080
2023-07-16 10:55:15.243 AM:info=>		database connection successfull
2023-07-16 10:55:15.249 AM:info=>		app is listing on post 8080
2023-07-16 10:55:16.970 AM:info=>		database connection successfull
2023-07-16 10:55:16.976 AM:info=>		app is listing on post 8080
2023-07-16 10:55:21.465 AM:info=>		database connection successfull
2023-07-16 10:55:21.471 AM:info=>		app is listing on post 8080
2023-07-16 10:55:25.405 AM:info=>		database connection successfull
2023-07-16 10:55:25.411 AM:info=>		app is listing on post 8080
2023-07-16 10:56:09.567 AM:info=>		database connection successfull
2023-07-16 10:56:09.573 AM:info=>		app is listing on post 8080
2023-07-16 10:56:18.886 AM:info=>		database connection successfull
2023-07-16 10:56:18.892 AM:info=>		app is listing on post 8080
2023-07-16 10:56:26.600 AM:info=>		database connection successfull
2023-07-16 10:56:26.607 AM:info=>		app is listing on post 8080
2023-07-16 10:56:34.854 AM:info=>		database connection successfull
2023-07-16 10:56:34.859 AM:info=>		app is listing on post 8080
2023-07-16 10:56:37.789 AM:info=>		database connection successfull
2023-07-16 10:56:37.799 AM:info=>		app is listing on post 8080
2023-07-16 10:57:09.185 AM:info=>		database connection successfull
2023-07-16 10:57:09.193 AM:info=>		app is listing on post 8080
2023-07-16 10:57:15.990 AM:info=>		database connection successfull
2023-07-16 10:57:15.996 AM:info=>		app is listing on post 8080
2023-07-16 10:57:27.085 AM:info=>		database connection successfull
2023-07-16 10:57:27.091 AM:info=>		app is listing on post 8080
2023-07-16 10:57:32.037 AM:info=>		database connection successfull
2023-07-16 10:57:32.042 AM:info=>		app is listing on post 8080
2023-07-16 10:58:01.898 AM:info=>		database connection successfull
2023-07-16 10:58:01.904 AM:info=>		app is listing on post 8080
2023-07-16 10:59:50.607 AM:info=>		database connection successfull
2023-07-16 10:59:50.613 AM:info=>		app is listing on post 8080
2023-07-16 11:00:07.656 AM:info=>		database connection successfull
2023-07-16 11:00:07.661 AM:info=>		app is listing on post 8080
2023-07-16 11:00:15.071 AM:info=>		database connection successfull
2023-07-16 11:00:15.078 AM:info=>		app is listing on post 8080
2023-07-16 11:00:33.724 AM:info=>		database connection successfull
2023-07-16 11:00:33.736 AM:info=>		app is listing on post 8080
2023-07-16 02:23:06.416 PM:info=>		database connection successfull
2023-07-16 02:23:06.421 PM:info=>		app is listing on post 8080
2023-07-16 02:23:09.696 PM:info=>		database connection successfull
2023-07-16 02:23:09.731 PM:info=>		app is listing on post 8080
2023-07-16 02:23:15.573 PM:info=>		database connection successfull
2023-07-16 02:23:15.579 PM:info=>		app is listing on post 8080
2023-07-16 02:23:26.456 PM:info=>		database connection successfull
2023-07-16 02:23:26.461 PM:info=>		app is listing on post 8080
2023-07-16 02:23:54.673 PM:info=>		database connection successfull
2023-07-16 02:23:54.679 PM:info=>		app is listing on post 8080
2023-07-16 02:24:13.758 PM:info=>		database connection successfull
2023-07-16 02:24:13.766 PM:info=>		app is listing on post 8080
2023-07-16 02:27:06.755 PM:info=>		database connection successfull
2023-07-16 02:27:06.761 PM:info=>		app is listing on post 8080
2023-07-16 02:27:10.964 PM:info=>		database connection successfull
2023-07-16 02:27:10.970 PM:info=>		app is listing on post 8080
2023-07-16 02:27:26.318 PM:info=>		database connection successfull
2023-07-16 02:27:26.328 PM:info=>		app is listing on post 8080
2023-07-16 02:27:28.302 PM:info=>		database connection successfull
2023-07-16 02:27:28.308 PM:info=>		app is listing on post 8080
2023-07-16 02:27:36.732 PM:info=>		database connection successfull
2023-07-16 02:27:36.739 PM:info=>		app is listing on post 8080
2023-07-16 02:27:38.958 PM:info=>		database connection successfull
2023-07-16 02:27:38.966 PM:info=>		app is listing on post 8080
2023-07-16 02:27:41.270 PM:info=>		database connection successfull
2023-07-16 02:27:41.276 PM:info=>		app is listing on post 8080
2023-07-16 02:28:04.646 PM:info=>		database connection successfull
2023-07-16 02:28:04.652 PM:info=>		app is listing on post 8080
2023-07-16 02:28:15.893 PM:info=>		database connection successfull
2023-07-16 02:28:15.900 PM:info=>		app is listing on post 8080
2023-07-16 02:28:23.697 PM:info=>		database connection successfull
2023-07-16 02:28:23.703 PM:info=>		app is listing on post 8080
2023-07-16 02:28:26.299 PM:info=>		database connection successfull
2023-07-16 02:28:26.305 PM:info=>		app is listing on post 8080
2023-07-16 02:28:36.299 PM:info=>		database connection successfull
2023-07-16 02:28:36.305 PM:info=>		app is listing on post 8080
2023-07-16 02:28:38.656 PM:info=>		database connection successfull
2023-07-16 02:28:38.661 PM:info=>		app is listing on post 8080
2023-07-16 02:28:41.704 PM:info=>		database connection successfull
2023-07-16 02:28:41.710 PM:info=>		app is listing on post 8080
2023-07-16 02:28:44.266 PM:info=>		database connection successfull
2023-07-16 02:28:44.272 PM:info=>		app is listing on post 8080
2023-07-16 02:28:51.996 PM:info=>		database connection successfull
2023-07-16 02:28:52.003 PM:info=>		app is listing on post 8080
2023-07-16 04:15:39.691 PM:info=>		[object Object]
2023-07-16 04:30:04.851 PM:info=>		database connection successfull
2023-07-16 04:30:04.856 PM:info=>		app is listing on post 8080
2023-07-16 04:30:12.232 PM:info=>		database connection successfull
2023-07-16 04:30:12.238 PM:info=>		app is listing on post 8080
2023-07-16 04:30:16.085 PM:info=>		database connection successfull
2023-07-16 04:30:16.090 PM:info=>		app is listing on post 8080
2023-07-16 04:30:17.880 PM:info=>		database connection successfull
2023-07-16 04:30:17.885 PM:info=>		app is listing on post 8080
2023-07-16 04:30:21.016 PM:info=>		database connection successfull
2023-07-16 04:30:21.022 PM:info=>		app is listing on post 8080
2023-07-16 04:30:43.458 PM:info=>		[object Object]
2023-07-16 04:30:53.687 PM:info=>		[object Object]
2023-07-16 04:32:17.636 PM:info=>		User
2023-07-16 04:32:17.663 PM:info=>		{
  id: '00003',
  role: 'student',
  password: 'f181afa2-5666-407a-bd89-7497d27a519d-1689503537634',
  _id: new ObjectId("64b3c73121df0dc84f1e0913"),
  createdAt: 2023-07-16T10:32:17.637Z,
  updatedAt: 2023-07-16T10:32:17.637Z,
  __v: 0
}
2023-07-16 04:51:21.892 PM:info=>		database connection successfull
2023-07-16 04:51:21.899 PM:info=>		app is listing on post 8080
2023-07-16 04:51:27.295 PM:info=>		database connection successfull
2023-07-16 04:51:27.301 PM:info=>		app is listing on post 8080
2023-07-16 04:51:30.611 PM:info=>		database connection successfull
2023-07-16 04:51:30.617 PM:info=>		app is listing on post 8080
2023-07-16 04:51:38.595 PM:info=>		database connection successfull
2023-07-16 04:51:38.601 PM:info=>		app is listing on post 8080
2023-07-16 04:58:04.629 PM:info=>		database connection successfull
2023-07-16 04:58:04.646 PM:info=>		app is listing on post 8080
2023-07-16 04:58:07.667 PM:info=>		database connection successfull
2023-07-16 04:58:07.674 PM:info=>		app is listing on post 8080
2023-07-16 04:58:12.136 PM:info=>		database connection successfull
2023-07-16 04:58:12.143 PM:info=>		app is listing on post 8080
2023-07-16 04:58:17.929 PM:info=>		database connection successfull
2023-07-16 04:58:17.936 PM:info=>		app is listing on post 8080
2023-07-16 04:58:22.886 PM:info=>		database connection successfull
2023-07-16 04:58:22.891 PM:info=>		app is listing on post 8080
2023-07-16 04:58:25.841 PM:info=>		database connection successfull
2023-07-16 04:58:25.846 PM:info=>		app is listing on post 8080
2023-07-16 04:58:35.223 PM:info=>		database connection successfull
2023-07-16 04:58:35.231 PM:info=>		app is listing on post 8080
2023-07-16 04:58:37.246 PM:info=>		database connection successfull
2023-07-16 04:58:37.251 PM:info=>		app is listing on post 8080
2023-07-16 04:58:41.529 PM:info=>		database connection successfull
2023-07-16 04:58:41.535 PM:info=>		app is listing on post 8080
2023-07-16 04:59:59.341 PM:info=>		database connection successfull
2023-07-16 04:59:59.347 PM:info=>		app is listing on post 8080
2023-07-16 05:01:15.038 PM:info=>		database connection successfull
2023-07-16 05:01:15.045 PM:info=>		app is listing on post 8080
2023-07-16 05:01:28.529 PM:info=>		database connection successfull
2023-07-16 05:01:28.535 PM:info=>		app is listing on post 8080
2023-07-16 05:02:17.291 PM:info=>		database connection successfull
2023-07-16 05:02:17.297 PM:info=>		app is listing on post 8080
2023-07-16 05:02:20.083 PM:info=>		database connection successfull
2023-07-16 05:02:20.092 PM:info=>		app is listing on post 8080
2023-07-16 05:03:23.769 PM:info=>		database connection successfull
2023-07-16 05:03:23.776 PM:info=>		app is listing on post 8080
2023-07-16 05:03:29.110 PM:info=>		database connection successfull
2023-07-16 05:03:29.117 PM:info=>		app is listing on post 8080
2023-07-16 05:03:56.829 PM:info=>		database connection successfull
2023-07-16 05:03:56.834 PM:info=>		app is listing on post 8080
2023-07-16 05:04:39.569 PM:info=>		database connection successfull
2023-07-16 05:04:39.576 PM:info=>		app is listing on post 8080
2023-07-16 05:05:05.182 PM:info=>		database connection successfull
2023-07-16 05:05:05.188 PM:info=>		app is listing on post 8080
2023-07-16 05:05:09.926 PM:info=>		database connection successfull
2023-07-16 05:05:09.933 PM:info=>		app is listing on post 8080
2023-07-16 05:05:11.855 PM:info=>		database connection successfull
2023-07-16 05:05:11.861 PM:info=>		app is listing on post 8080
2023-07-16 05:05:27.531 PM:info=>		database connection successfull
2023-07-16 05:05:27.541 PM:info=>		app is listing on post 8080
2023-07-16 05:05:47.945 PM:info=>		database connection successfull
2023-07-16 05:05:47.953 PM:info=>		app is listing on post 8080
2023-07-16 05:05:54.930 PM:info=>		database connection successfull
2023-07-16 05:05:54.936 PM:info=>		app is listing on post 8080
2023-07-16 05:07:14.654 PM:info=>		database connection successfull
2023-07-16 05:07:14.661 PM:info=>		app is listing on post 8080
2023-07-16 05:07:58.271 PM:info=>		database connection successfull
2023-07-16 05:07:58.277 PM:info=>		app is listing on post 8080
2023-07-16 05:10:15.758 PM:info=>		database connection successfull
2023-07-16 05:10:15.763 PM:info=>		app is listing on post 8080
2023-07-16 05:11:06.450 PM:info=>		database connection successfull
2023-07-16 05:11:06.456 PM:info=>		app is listing on post 8080
2023-07-16 05:11:19.003 PM:info=>		database connection successfull
2023-07-16 05:11:19.008 PM:info=>		app is listing on post 8080
2023-07-16 05:11:55.945 PM:info=>		database connection successfull
2023-07-16 05:11:55.951 PM:info=>		app is listing on post 8080
2023-07-16 05:11:59.957 PM:info=>		database connection successfull
2023-07-16 05:11:59.963 PM:info=>		app is listing on post 8080
2023-07-16 05:12:13.144 PM:info=>		database connection successfull
2023-07-16 05:12:13.150 PM:info=>		app is listing on post 8080
2023-07-16 05:12:25.299 PM:info=>		database connection successfull
2023-07-16 05:12:25.306 PM:info=>		app is listing on post 8080
2023-07-17 10:00:05.946 AM:info=>		database connection successfull
2023-07-17 10:00:05.952 AM:info=>		app is listing on post 8080
2023-07-17 10:02:33.746 AM:info=>		database connection successfull
2023-07-17 10:02:33.752 AM:info=>		app is listing on post 8080
2023-07-17 10:02:58.415 AM:info=>		database connection successfull
2023-07-17 10:02:58.421 AM:info=>		app is listing on post 8080
2023-07-17 10:03:02.590 AM:info=>		database connection successfull
2023-07-17 10:03:02.602 AM:info=>		app is listing on post 8080
2023-07-17 10:03:49.216 AM:info=>		database connection successfull
2023-07-17 10:03:49.222 AM:info=>		app is listing on post 8080
2023-07-17 10:04:11.241 AM:info=>		database connection successfull
2023-07-17 10:04:11.247 AM:info=>		app is listing on post 8080
2023-07-17 10:04:14.330 AM:info=>		database connection successfull
2023-07-17 10:04:14.337 AM:info=>		app is listing on post 8080
2023-07-17 10:04:20.287 AM:info=>		database connection successfull
2023-07-17 10:04:20.293 AM:info=>		app is listing on post 8080
2023-07-17 10:04:25.496 AM:info=>		database connection successfull
2023-07-17 10:04:25.503 AM:info=>		app is listing on post 8080
2023-07-17 10:04:33.105 AM:info=>		database connection successfull
2023-07-17 10:04:33.111 AM:info=>		app is listing on post 8080
2023-07-17 10:04:36.567 AM:info=>		database connection successfull
2023-07-17 10:04:36.573 AM:info=>		app is listing on post 8080
2023-07-17 10:04:40.612 AM:info=>		database connection successfull
2023-07-17 10:04:40.618 AM:info=>		app is listing on post 8080
2023-07-17 10:04:46.108 AM:info=>		database connection successfull
2023-07-17 10:04:46.114 AM:info=>		app is listing on post 8080
2023-07-17 10:04:58.288 AM:info=>		database connection successfull
2023-07-17 10:04:58.294 AM:info=>		app is listing on post 8080
2023-07-17 10:05:09.528 AM:info=>		database connection successfull
2023-07-17 10:05:09.534 AM:info=>		app is listing on post 8080
2023-07-17 10:05:11.951 AM:info=>		database connection successfull
2023-07-17 10:05:11.956 AM:info=>		app is listing on post 8080
2023-07-17 10:05:15.361 AM:info=>		database connection successfull
2023-07-17 10:05:15.368 AM:info=>		app is listing on post 8080
2023-07-17 10:05:26.427 AM:info=>		database connection successfull
2023-07-17 10:05:26.433 AM:info=>		app is listing on post 8080
2023-07-17 10:05:29.823 AM:info=>		database connection successfull
2023-07-17 10:05:29.829 AM:info=>		app is listing on post 8080
2023-07-17 10:05:45.431 AM:info=>		database connection successfull
2023-07-17 10:05:45.438 AM:info=>		app is listing on post 8080
2023-07-17 10:06:01.198 AM:info=>		database connection successfull
2023-07-17 10:06:01.205 AM:info=>		app is listing on post 8080
2023-07-17 10:06:03.724 AM:info=>		database connection successfull
2023-07-17 10:06:03.731 AM:info=>		app is listing on post 8080
2023-07-17 10:06:43.471 AM:info=>		database connection successfull
2023-07-17 10:06:43.477 AM:info=>		app is listing on post 8080
2023-07-17 10:12:38.546 AM:info=>		database connection successfull
2023-07-17 10:12:38.552 AM:info=>		app is listing on post 8080
2023-07-17 11:18:51.213 AM:info=>		database connection successfull
2023-07-17 11:18:51.220 AM:info=>		app is listing on post 8080
2023-07-17 11:18:59.818 AM:info=>		database connection successfull
2023-07-17 11:18:59.826 AM:info=>		app is listing on post 8080
2023-07-17 11:19:02.031 AM:info=>		database connection successfull
2023-07-17 11:19:02.038 AM:info=>		app is listing on post 8080
2023-07-17 11:19:23.146 AM:info=>		database connection successfull
2023-07-17 11:19:23.152 AM:info=>		app is listing on post 8080
2023-07-17 11:19:32.193 AM:info=>		database connection successfull
2023-07-17 11:19:32.198 AM:info=>		app is listing on post 8080
2023-07-17 11:19:36.869 AM:info=>		database connection successfull
2023-07-17 11:19:36.876 AM:info=>		app is listing on post 8080
2023-07-17 11:19:41.820 AM:info=>		database connection successfull
2023-07-17 11:19:41.827 AM:info=>		app is listing on post 8080
2023-07-17 11:19:50.075 AM:info=>		database connection successfull
2023-07-17 11:19:50.082 AM:info=>		app is listing on post 8080
2023-07-17 11:19:53.577 AM:info=>		database connection successfull
2023-07-17 11:19:53.584 AM:info=>		app is listing on post 8080
2023-07-17 11:20:00.464 AM:info=>		database connection successfull
2023-07-17 11:20:00.470 AM:info=>		app is listing on post 8080
2023-07-17 11:20:13.267 AM:info=>		User
2023-07-17 11:20:13.288 AM:info=>		{
  id: '00004',
  role: 'student',
  password: 'deb592e2-934e-4306-9df1-506474505e84-1689571213266',
  _id: new ObjectId("64b4cf8dea8b3e60ebd70785"),
  createdAt: 2023-07-17T05:20:13.279Z,
  updatedAt: 2023-07-17T05:20:13.279Z,
  __v: 0
}
2023-07-17 11:20:26.059 AM:info=>		database connection successfull
2023-07-17 11:20:26.066 AM:info=>		app is listing on post 8080
2023-07-17 11:20:30.699 AM:info=>		User
2023-07-17 11:20:30.719 AM:info=>		{
  id: '00005',
  role: 'student',
  password: '00362895-2c52-40b6-8fa0-bbe0bfc397a9-1689571230698',
  _id: new ObjectId("64b4cf9e14aca02419be00d8"),
  createdAt: 2023-07-17T05:20:30.710Z,
  updatedAt: 2023-07-17T05:20:30.710Z,
  __v: 0
}
2023-07-17 11:21:02.503 AM:info=>		database connection successfull
2023-07-17 11:21:02.509 AM:info=>		app is listing on post 8080
2023-07-17 11:21:10.596 AM:info=>		database connection successfull
2023-07-17 11:21:10.605 AM:info=>		app is listing on post 8080
2023-07-17 11:21:25.560 AM:info=>		database connection successfull
2023-07-17 11:21:25.566 AM:info=>		app is listing on post 8080
2023-07-17 11:21:45.998 AM:info=>		database connection successfull
2023-07-17 11:21:46.004 AM:info=>		app is listing on post 8080
2023-07-17 11:22:11.250 AM:info=>		database connection successfull
2023-07-17 11:22:11.264 AM:info=>		app is listing on post 8080
2023-07-17 11:22:13.257 AM:info=>		database connection successfull
2023-07-17 11:22:13.263 AM:info=>		app is listing on post 8080
2023-07-17 11:22:20.743 AM:info=>		database connection successfull
2023-07-17 11:22:20.750 AM:info=>		app is listing on post 8080
2023-07-17 11:22:24.874 AM:info=>		database connection successfull
2023-07-17 11:22:24.882 AM:info=>		app is listing on post 8080
2023-07-17 11:22:28.725 AM:info=>		database connection successfull
2023-07-17 11:22:28.731 AM:info=>		app is listing on post 8080
2023-07-17 11:22:31.841 AM:info=>		database connection successfull
2023-07-17 11:22:31.853 AM:info=>		app is listing on post 8080
2023-07-17 11:22:33.678 AM:info=>		database connection successfull
2023-07-17 11:22:33.685 AM:info=>		app is listing on post 8080
2023-07-17 11:22:35.405 AM:info=>		database connection successfull
2023-07-17 11:22:35.412 AM:info=>		app is listing on post 8080
2023-07-17 11:22:42.972 AM:info=>		database connection successfull
2023-07-17 11:22:42.978 AM:info=>		app is listing on post 8080
2023-07-17 11:22:47.482 AM:info=>		database connection successfull
2023-07-17 11:22:47.488 AM:info=>		app is listing on post 8080
2023-07-17 11:22:50.798 AM:info=>		database connection successfull
2023-07-17 11:22:50.805 AM:info=>		app is listing on post 8080
2023-07-17 11:22:58.954 AM:info=>		database connection successfull
2023-07-17 11:22:58.960 AM:info=>		app is listing on post 8080
2023-07-17 11:23:01.562 AM:info=>		database connection successfull
2023-07-17 11:23:01.568 AM:info=>		app is listing on post 8080
2023-07-17 11:23:05.265 AM:info=>		database connection successfull
2023-07-17 11:23:05.271 AM:info=>		app is listing on post 8080
2023-07-17 11:23:09.363 AM:info=>		database connection successfull
2023-07-17 11:23:09.369 AM:info=>		app is listing on post 8080
2023-07-17 11:23:13.171 AM:info=>		database connection successfull
2023-07-17 11:23:13.176 AM:info=>		app is listing on post 8080
2023-07-17 11:23:18.533 AM:info=>		database connection successfull
2023-07-17 11:23:18.539 AM:info=>		app is listing on post 8080
2023-07-17 11:23:27.952 AM:info=>		database connection successfull
2023-07-17 11:23:27.958 AM:info=>		app is listing on post 8080
2023-07-17 11:24:00.541 AM:info=>		database connection successfull
2023-07-17 11:24:00.549 AM:info=>		app is listing on post 8080
2023-07-17 11:24:02.304 AM:info=>		database connection successfull
2023-07-17 11:24:02.310 AM:info=>		app is listing on post 8080
2023-07-17 11:24:04.858 AM:info=>		database connection successfull
2023-07-17 11:24:04.864 AM:info=>		app is listing on post 8080
2023-07-17 11:24:09.230 AM:info=>		database connection successfull
2023-07-17 11:24:09.236 AM:info=>		app is listing on post 8080
2023-07-17 11:24:12.634 AM:info=>		database connection successfull
2023-07-17 11:24:12.640 AM:info=>		app is listing on post 8080
2023-07-17 11:24:21.749 AM:info=>		database connection successfull
2023-07-17 11:24:21.755 AM:info=>		app is listing on post 8080
2023-07-17 11:24:23.515 AM:info=>		database connection successfull
2023-07-17 11:24:23.522 AM:info=>		app is listing on post 8080
2023-07-17 11:24:27.621 AM:info=>		database connection successfull
2023-07-17 11:24:27.626 AM:info=>		app is listing on post 8080
2023-07-18 11:09:29.345 AM:info=>		database connection successfull
2023-07-18 11:09:29.351 AM:info=>		app is listing on post 8080
2023-07-18 11:15:33.938 AM:info=>		User
2023-07-18 11:23:07.226 AM:info=>		database connection successfull
2023-07-18 11:23:07.230 AM:info=>		app is listing on post 8080
2023-07-18 11:23:20.220 AM:info=>		database connection successfull
2023-07-18 11:23:20.225 AM:info=>		app is listing on post 8080
2023-07-18 11:23:25.589 AM:info=>		database connection successfull
2023-07-18 11:23:25.596 AM:info=>		app is listing on post 8080
2023-07-18 11:23:30.639 AM:info=>		database connection successfull
2023-07-18 11:23:30.644 AM:info=>		app is listing on post 8080
2023-07-18 11:23:34.557 AM:info=>		database connection successfull
2023-07-18 11:23:34.564 AM:info=>		app is listing on post 8080
2023-07-18 11:23:36.356 AM:info=>		database connection successfull
2023-07-18 11:23:36.362 AM:info=>		app is listing on post 8080
2023-07-18 11:23:41.705 AM:info=>		database connection successfull
2023-07-18 11:23:41.711 AM:info=>		app is listing on post 8080
2023-07-18 11:23:47.602 AM:info=>		database connection successfull
2023-07-18 11:23:47.607 AM:info=>		app is listing on post 8080
2023-07-18 11:23:49.813 AM:info=>		database connection successfull
2023-07-18 11:23:49.820 AM:info=>		app is listing on post 8080
2023-07-18 11:23:54.118 AM:info=>		database connection successfull
2023-07-18 11:23:54.122 AM:info=>		app is listing on post 8080
2023-07-18 11:24:23.945 AM:info=>		database connection successfull
2023-07-18 11:24:23.949 AM:info=>		app is listing on post 8080
2023-07-18 11:24:42.111 AM:info=>		database connection successfull
2023-07-18 11:24:42.116 AM:info=>		app is listing on post 8080
2023-07-18 11:24:44.905 AM:info=>		database connection successfull
2023-07-18 11:24:44.909 AM:info=>		app is listing on post 8080
2023-07-18 11:24:55.511 AM:info=>		database connection successfull
2023-07-18 11:24:55.516 AM:info=>		app is listing on post 8080
2023-07-18 11:25:18.335 AM:info=>		database connection successfull
2023-07-18 11:25:18.341 AM:info=>		app is listing on post 8080
2023-07-21 10:28:09.388 AM:info=>		database connection successfull
2023-07-21 10:28:09.394 AM:info=>		app is listing on post 8080
2023-07-21 10:30:27.065 AM:info=>		database connection successfull
2023-07-21 10:30:27.076 AM:info=>		app is listing on post 8080
2023-07-21 10:30:32.737 AM:info=>		database connection successfull
2023-07-21 10:30:32.755 AM:info=>		app is listing on post 8080
2023-07-21 10:30:37.997 AM:info=>		database connection successfull
2023-07-21 10:30:38.001 AM:info=>		app is listing on post 8080
2023-07-21 10:30:41.558 AM:info=>		database connection successfull
2023-07-21 10:30:41.564 AM:info=>		app is listing on post 8080
2023-07-21 10:32:14.985 AM:info=>		database connection successfull
2023-07-21 10:32:14.990 AM:info=>		app is listing on post 8080
2023-07-21 10:32:18.522 AM:info=>		database connection successfull
2023-07-21 10:32:18.527 AM:info=>		app is listing on post 8080
2023-07-21 10:32:20.172 AM:info=>		database connection successfull
2023-07-21 10:32:20.178 AM:info=>		app is listing on post 8080
2023-07-21 10:50:51.518 AM:info=>		database connection successfull
2023-07-21 10:50:51.525 AM:info=>		app is listing on post 8080
2023-07-21 10:50:53.301 AM:info=>		database connection successfull
2023-07-21 10:50:53.307 AM:info=>		app is listing on post 8080
2023-07-21 10:50:58.563 AM:info=>		database connection successfull
2023-07-21 10:50:58.569 AM:info=>		app is listing on post 8080
2023-07-21 10:52:01.322 AM:info=>		database connection successfull
2023-07-21 10:52:01.329 AM:info=>		app is listing on post 8080
2023-07-21 10:52:09.214 AM:info=>		database connection successfull
2023-07-21 10:52:09.220 AM:info=>		app is listing on post 8080
2023-07-21 10:52:12.040 AM:info=>		database connection successfull
2023-07-21 10:52:12.046 AM:info=>		app is listing on post 8080
2023-07-21 10:52:15.620 AM:info=>		database connection successfull
2023-07-21 10:52:15.626 AM:info=>		app is listing on post 8080
2023-07-21 10:52:19.176 AM:info=>		database connection successfull
2023-07-21 10:52:19.181 AM:info=>		app is listing on post 8080
2023-07-21 10:52:52.696 AM:info=>		database connection successfull
2023-07-21 10:52:52.703 AM:info=>		app is listing on post 8080
2023-07-21 10:52:57.029 AM:info=>		database connection successfull
2023-07-21 10:52:57.034 AM:info=>		app is listing on post 8080
2023-07-21 10:52:59.925 AM:info=>		database connection successfull
2023-07-21 10:52:59.945 AM:info=>		app is listing on post 8080
2023-07-21 10:53:02.681 AM:info=>		database connection successfull
2023-07-21 10:53:02.687 AM:info=>		app is listing on post 8080
2023-07-21 10:55:04.498 AM:info=>		database connection successfull
2023-07-21 10:55:04.505 AM:info=>		app is listing on post 8080
2023-07-21 10:55:10.194 AM:info=>		database connection successfull
2023-07-21 10:55:10.203 AM:info=>		app is listing on post 8080
2023-07-21 11:19:32.446 AM:info=>		database connection successfull
2023-07-21 11:19:32.452 AM:info=>		app is listing on post 8080
2023-07-21 11:19:41.166 AM:info=>		database connection successfull
2023-07-21 11:19:41.172 AM:info=>		app is listing on post 8080
2023-07-21 11:19:42.877 AM:info=>		database connection successfull
2023-07-21 11:19:42.884 AM:info=>		app is listing on post 8080
2023-07-21 11:19:54.469 AM:info=>		database connection successfull
2023-07-21 11:19:54.477 AM:info=>		app is listing on post 8080
2023-07-21 11:20:39.114 AM:info=>		database connection successfull
2023-07-21 11:20:39.120 AM:info=>		app is listing on post 8080
2023-07-21 11:20:41.113 AM:info=>		database connection successfull
2023-07-21 11:20:41.119 AM:info=>		app is listing on post 8080
2023-07-21 11:20:54.059 AM:info=>		database connection successfull
2023-07-21 11:20:54.066 AM:info=>		app is listing on post 8080
2023-07-21 11:21:15.363 AM:info=>		database connection successfull
2023-07-21 11:21:15.369 AM:info=>		app is listing on post 8080
2023-07-21 11:24:34.807 AM:info=>		database connection successfull
2023-07-21 11:24:34.813 AM:info=>		app is listing on post 8080
2023-07-21 11:24:37.744 AM:info=>		database connection successfull
2023-07-21 11:24:37.750 AM:info=>		app is listing on post 8080
2023-07-21 11:24:44.656 AM:info=>		database connection successfull
2023-07-21 11:24:44.667 AM:info=>		app is listing on post 8080
2023-07-21 11:24:46.354 AM:info=>		database connection successfull
2023-07-21 11:24:46.361 AM:info=>		app is listing on post 8080
2023-07-21 11:24:54.610 AM:info=>		database connection successfull
2023-07-21 11:24:54.617 AM:info=>		app is listing on post 8080
2023-07-21 11:24:59.367 AM:info=>		database connection successfull
2023-07-21 11:24:59.372 AM:info=>		app is listing on post 8080
2023-07-21 11:25:04.736 AM:info=>		database connection successfull
2023-07-21 11:25:04.743 AM:info=>		app is listing on post 8080
2023-07-21 11:25:11.741 AM:info=>		database connection successfull
2023-07-21 11:25:11.746 AM:info=>		app is listing on post 8080
2023-07-21 11:25:26.493 AM:info=>		database connection successfull
2023-07-21 11:25:26.499 AM:info=>		app is listing on post 8080
2023-07-21 11:25:36.987 AM:info=>		database connection successfull
2023-07-21 11:25:36.993 AM:info=>		app is listing on post 8080
2023-07-21 11:25:48.890 AM:info=>		database connection successfull
2023-07-21 11:25:48.897 AM:info=>		app is listing on post 8080
2023-07-21 11:26:24.987 AM:info=>		database connection successfull
2023-07-21 11:26:24.994 AM:info=>		app is listing on post 8080
2023-07-21 11:26:28.322 AM:info=>		database connection successfull
2023-07-21 11:26:28.329 AM:info=>		app is listing on post 8080
2023-07-21 11:26:55.715 AM:info=>		database connection successfull
2023-07-21 11:26:55.722 AM:info=>		app is listing on post 8080
2023-07-21 11:26:58.014 AM:info=>		database connection successfull
2023-07-21 11:26:58.020 AM:info=>		app is listing on post 8080
2023-07-21 11:27:01.602 AM:info=>		database connection successfull
2023-07-21 11:27:01.608 AM:info=>		app is listing on post 8080
2023-07-21 11:27:07.401 AM:info=>		database connection successfull
2023-07-21 11:27:07.408 AM:info=>		app is listing on post 8080
2023-07-21 11:27:09.919 AM:info=>		database connection successfull
2023-07-21 11:27:09.925 AM:info=>		app is listing on post 8080
2023-07-21 11:27:11.558 AM:info=>		database connection successfull
2023-07-21 11:27:11.564 AM:info=>		app is listing on post 8080
2023-07-21 11:27:13.841 AM:info=>		database connection successfull
2023-07-21 11:27:13.846 AM:info=>		app is listing on post 8080
2023-07-21 11:27:19.433 AM:info=>		database connection successfull
2023-07-21 11:27:19.440 AM:info=>		app is listing on post 8080
2023-07-21 11:27:21.578 AM:info=>		database connection successfull
2023-07-21 11:27:21.583 AM:info=>		app is listing on post 8080
2023-07-21 11:27:25.519 AM:info=>		database connection successfull
2023-07-21 11:27:25.525 AM:info=>		app is listing on post 8080
2023-07-21 11:27:28.023 AM:info=>		database connection successfull
2023-07-21 11:27:28.029 AM:info=>		app is listing on post 8080
2023-07-21 11:27:29.605 AM:info=>		database connection successfull
2023-07-21 11:27:29.611 AM:info=>		app is listing on post 8080
2023-07-21 11:27:34.390 AM:info=>		database connection successfull
2023-07-21 11:27:34.398 AM:info=>		app is listing on post 8080
2023-07-21 11:27:36.074 AM:info=>		database connection successfull
2023-07-21 11:27:36.080 AM:info=>		app is listing on post 8080
2023-07-21 11:27:37.725 AM:info=>		database connection successfull
2023-07-21 11:27:37.734 AM:info=>		app is listing on post 8080
2023-07-21 11:30:37.641 AM:info=>		database connection successfull
2023-07-21 11:30:37.647 AM:info=>		app is listing on post 8080
2023-07-21 11:30:51.170 AM:info=>		database connection successfull
2023-07-21 11:30:51.176 AM:info=>		app is listing on post 8080
2023-07-21 11:31:04.961 AM:info=>		database connection successfull
2023-07-21 11:31:04.968 AM:info=>		app is listing on post 8080
2023-07-21 11:31:07.284 AM:info=>		database connection successfull
2023-07-21 11:31:07.290 AM:info=>		app is listing on post 8080
2023-07-21 11:31:10.709 AM:info=>		database connection successfull
2023-07-21 11:31:10.715 AM:info=>		app is listing on post 8080
2023-07-21 11:31:12.863 AM:info=>		database connection successfull
2023-07-21 11:31:12.869 AM:info=>		app is listing on post 8080
2023-07-21 11:51:24.211 AM:info=>		database connection successfull
2023-07-21 11:51:24.217 AM:info=>		app is listing on post 8080
2023-07-21 11:51:31.957 AM:info=>		database connection successfull
2023-07-21 11:51:31.964 AM:info=>		app is listing on post 8080
2023-07-21 11:52:00.091 AM:info=>		database connection successfull
2023-07-21 11:52:00.097 AM:info=>		app is listing on post 8080
2023-07-21 11:53:03.772 AM:info=>		database connection successfull
2023-07-21 11:53:03.779 AM:info=>		app is listing on post 8080
2023-07-21 11:53:07.590 AM:info=>		database connection successfull
2023-07-21 11:53:07.597 AM:info=>		app is listing on post 8080
2023-07-21 11:53:13.512 AM:info=>		database connection successfull
2023-07-21 11:53:13.519 AM:info=>		app is listing on post 8080
2023-07-21 11:53:16.200 AM:info=>		database connection successfull
2023-07-21 11:53:16.205 AM:info=>		app is listing on post 8080
2023-07-21 11:53:20.545 AM:info=>		database connection successfull
2023-07-21 11:53:20.551 AM:info=>		app is listing on post 8080
2023-07-21 11:53:22.064 AM:info=>		database connection successfull
2023-07-21 11:53:22.069 AM:info=>		app is listing on post 8080
2023-07-21 11:54:15.328 AM:info=>		database connection successfull
2023-07-21 11:54:15.334 AM:info=>		app is listing on post 8080
2023-07-21 11:54:21.851 AM:info=>		database connection successfull
2023-07-21 11:54:21.858 AM:info=>		app is listing on post 8080
2023-07-21 11:54:23.396 AM:info=>		database connection successfull
2023-07-21 11:54:23.402 AM:info=>		app is listing on post 8080
2023-07-21 11:54:24.985 AM:info=>		database connection successfull
2023-07-21 11:54:24.990 AM:info=>		app is listing on post 8080
2023-07-21 11:54:43.584 AM:info=>		database connection successfull
2023-07-21 11:54:43.590 AM:info=>		app is listing on post 8080
2023-07-21 11:54:45.607 AM:info=>		database connection successfull
2023-07-21 11:54:45.612 AM:info=>		app is listing on post 8080
2023-07-21 11:54:52.726 AM:info=>		database connection successfull
2023-07-21 11:54:52.732 AM:info=>		app is listing on post 8080
2023-07-21 11:54:55.985 AM:info=>		database connection successfull
2023-07-21 11:54:55.991 AM:info=>		app is listing on post 8080
2023-07-21 11:55:15.999 AM:info=>		database connection successfull
2023-07-21 11:55:16.005 AM:info=>		app is listing on post 8080
2023-07-21 11:56:10.441 AM:info=>		database connection successfull
2023-07-21 11:56:10.447 AM:info=>		app is listing on post 8080
2023-07-21 11:56:35.205 AM:info=>		database connection successfull
2023-07-21 11:56:35.211 AM:info=>		app is listing on post 8080
2023-07-21 11:56:37.449 AM:info=>		database connection successfull
2023-07-21 11:56:37.455 AM:info=>		app is listing on post 8080
2023-07-21 11:56:44.359 AM:info=>		database connection successfull
2023-07-21 11:56:44.366 AM:info=>		app is listing on post 8080
2023-07-21 11:56:49.324 AM:info=>		database connection successfull
2023-07-21 11:56:49.330 AM:info=>		app is listing on post 8080
2023-07-21 11:58:34.837 AM:info=>		database connection successfull
2023-07-21 11:58:34.843 AM:info=>		app is listing on post 8080
2023-07-21 11:58:37.442 AM:info=>		database connection successfull
2023-07-21 11:58:37.448 AM:info=>		app is listing on post 8080
2023-07-21 11:58:39.757 AM:info=>		database connection successfull
2023-07-21 11:58:39.763 AM:info=>		app is listing on post 8080
2023-07-21 11:59:05.405 AM:info=>		database connection successfull
2023-07-21 11:59:05.412 AM:info=>		app is listing on post 8080
2023-07-21 11:59:10.285 AM:info=>		database connection successfull
2023-07-21 11:59:10.291 AM:info=>		app is listing on post 8080
2023-07-21 11:59:13.879 AM:info=>		database connection successfull
2023-07-21 11:59:15.426 AM:info=>		database connection successfull
2023-07-21 11:59:15.432 AM:info=>		app is listing on post 8080
2023-07-21 11:59:18.550 AM:info=>		database connection successfull
2023-07-21 11:59:18.554 AM:info=>		app is listing on post 8080
2023-07-21 11:59:19.861 AM:info=>		database connection successfull
2023-07-21 11:59:19.864 AM:info=>		app is listing on post 8080
2023-07-21 11:59:21.765 AM:info=>		database connection successfull
2023-07-21 11:59:21.770 AM:info=>		app is listing on post 8080
2023-07-21 11:59:23.743 AM:info=>		database connection successfull
2023-07-21 11:59:23.749 AM:info=>		app is listing on post 8080
2023-07-21 11:59:26.344 AM:info=>		database connection successfull
2023-07-21 11:59:26.348 AM:info=>		app is listing on post 8080
2023-07-21 11:59:34.618 AM:info=>		database connection successfull
2023-07-21 11:59:34.624 AM:info=>		app is listing on post 8080
2023-07-21 11:59:42.275 AM:info=>		database connection successfull
2023-07-21 11:59:42.281 AM:info=>		app is listing on post 8080
2023-07-21 11:59:45.060 AM:info=>		database connection successfull
2023-07-21 11:59:45.066 AM:info=>		app is listing on post 8080
2023-07-21 12:00:14.631 PM:info=>		database connection successfull
2023-07-21 12:00:14.638 PM:info=>		app is listing on post 8080
2023-07-21 12:00:17.161 PM:info=>		database connection successfull
2023-07-21 12:00:17.167 PM:info=>		app is listing on post 8080
2023-07-21 12:02:15.330 PM:info=>		database connection successfull
2023-07-21 12:02:15.336 PM:info=>		app is listing on post 8080
2023-07-21 12:02:18.097 PM:info=>		database connection successfull
2023-07-21 12:02:18.103 PM:info=>		app is listing on post 8080
2023-07-21 12:02:20.921 PM:info=>		database connection successfull
2023-07-21 12:02:20.927 PM:info=>		app is listing on post 8080
2023-07-21 12:02:22.783 PM:info=>		database connection successfull
2023-07-21 12:02:22.792 PM:info=>		app is listing on post 8080
2023-07-21 12:02:24.631 PM:info=>		database connection successfull
2023-07-21 12:02:24.635 PM:info=>		app is listing on post 8080
2023-07-21 12:05:37.292 PM:info=>		database connection successfull
2023-07-21 12:05:37.298 PM:info=>		app is listing on post 8080
2023-07-21 12:05:42.810 PM:info=>		database connection successfull
2023-07-21 12:05:42.817 PM:info=>		app is listing on post 8080
2023-07-21 12:07:01.633 PM:info=>		database connection successfull
2023-07-21 12:07:01.640 PM:info=>		app is listing on post 8080
