2023-07-02 11:27:55.418 AM:info=>		database connection successfull
2023-07-02 11:27:55.423 AM:info=>		app is listing on post 8080
2023-07-02 11:28:15.044 AM:error=>		err message
2023-07-02 11:29:49.820 AM:error=>		err message
2023-07-02 11:29:53.189 AM:error=>		err message
2023-07-02 11:30:10.453 AM:error=>		err message
2023-07-02 11:30:19.272 AM:error=>		err message
2023-07-02 11:30:30.930 AM:error=>		err message
2023-07-02 11:30:32.638 AM:error=>		err message
2023-07-02 11:30:36.156 AM:error=>		err message
2023-07-02 11:30:40.160 AM:error=>		err message
2023-07-02 11:30:45.748 AM:error=>		err message
2023-07-02 11:30:58.753 AM:error=>		err message
2023-07-02 11:31:08.929 AM:error=>		err message
2023-07-02 11:31:19.361 AM:error=>		err message
2023-07-04 09:04:23.373 AM:error=>		err message
2023-07-04 09:09:15.926 AM:error=>		err message
2023-07-04 09:09:23.447 AM:error=>		err message
2023-07-04 09:09:47.615 AM:error=>		err message
2023-07-04 09:12:00.573 AM:error=>		err message
2023-07-04 09:12:09.368 AM:error=>		err message
2023-07-04 09:12:10.719 AM:error=>		err message
2023-07-04 09:12:19.485 AM:error=>		err message
2023-07-04 09:12:28.011 AM:error=>		err message
2023-07-04 09:12:30.378 AM:error=>		err message
2023-07-04 09:12:35.598 AM:error=>		err message
2023-07-04 09:12:39.230 AM:error=>		err message
2023-07-04 09:12:47.901 AM:error=>		err message
2023-07-04 09:12:49.339 AM:error=>		err message
2023-07-04 09:12:53.041 AM:error=>		err message
2023-07-04 09:14:21.977 AM:error=>		err message
2023-07-04 09:14:21.982 AM:error=>	undefined
2023-07-04 09:14:30.085 AM:error=>		err message
2023-07-04 09:14:30.091 AM:error=>	undefined
2023-07-04 09:16:40.656 AM:error=>		err message
2023-07-04 09:16:40.662 AM:error=>	undefined
2023-07-04 09:16:42.247 AM:error=>		err message
2023-07-04 09:16:42.252 AM:error=>	undefined
2023-07-04 09:17:00.331 AM:error=>		err message
2023-07-04 09:17:00.336 AM:error=>	undefined
2023-07-04 09:17:09.146 AM:error=>		err message
2023-07-04 09:17:09.153 AM:error=>	undefined
2023-07-04 09:17:11.360 AM:error=>		err message
2023-07-04 09:17:11.365 AM:error=>	undefined
2023-07-04 09:17:15.648 AM:error=>		err message
2023-07-04 09:17:15.654 AM:error=>	undefined
2023-07-04 09:17:18.442 AM:error=>		err message
2023-07-04 09:17:18.447 AM:error=>	undefined
2023-07-04 09:17:20.223 AM:error=>		err message
2023-07-04 09:17:20.228 AM:error=>	undefined
2023-07-04 09:17:23.239 AM:error=>		err message
2023-07-04 09:17:23.244 AM:error=>	undefined
2023-07-04 09:17:25.607 AM:error=>		err message
2023-07-04 09:17:25.613 AM:error=>	undefined
2023-07-04 09:17:31.225 AM:error=>		err message
2023-07-04 09:17:31.230 AM:error=>	undefined
2023-07-04 09:17:33.087 AM:error=>		err message
2023-07-04 09:17:33.094 AM:error=>	undefined
2023-07-04 09:17:35.153 AM:error=>		err message
2023-07-04 09:17:35.158 AM:error=>	undefined
2023-07-04 09:17:36.908 AM:error=>		err message
2023-07-04 09:17:36.915 AM:error=>	undefined
2023-07-04 09:18:50.066 AM:error=>		err message
2023-07-04 09:18:50.071 AM:error=>	undefined
2023-07-04 09:19:56.348 AM:error=>		err message
2023-07-04 09:19:56.354 AM:error=>	undefined
2023-07-04 09:20:14.794 AM:error=>		err message
2023-07-04 09:20:14.799 AM:error=>	undefined
2023-07-04 09:21:30.545 AM:error=>		err message
2023-07-04 09:21:30.553 AM:error=>	undefined
2023-07-04 09:21:36.157 AM:error=>		err message
2023-07-04 09:21:36.164 AM:error=>	undefined
2023-07-04 09:22:34.900 AM:error=>		err message
2023-07-04 09:22:34.906 AM:error=>	undefined
2023-07-04 09:23:46.059 AM:error=>		err message
2023-07-04 09:25:23.038 AM:error=>		err message
2023-07-04 09:29:16.274 AM:error=>		err message
2023-07-04 09:29:19.342 AM:error=>		err message
2023-07-04 09:29:21.325 AM:error=>		err message
2023-07-04 09:29:26.199 AM:error=>		err message
2023-07-04 09:29:53.270 AM:error=>		err message
2023-07-04 09:29:57.991 AM:error=>		err message
2023-07-04 09:30:04.448 AM:error=>		err message
2023-07-04 09:30:09.701 AM:error=>		err message
2023-07-04 09:30:12.640 AM:error=>		err message
2023-07-04 09:31:19.170 AM:error=>		err message
2023-07-04 09:31:29.125 AM:error=>		err message
2023-07-04 09:31:30.654 AM:error=>		err message
2023-07-04 09:31:53.049 AM:error=>		err message
2023-07-04 09:32:08.351 AM:error=>		err message
2023-07-04 09:32:15.987 AM:error=>		err message
2023-07-04 09:32:17.433 AM:error=>		err message
2023-07-04 09:32:27.065 AM:error=>		err message
2023-07-04 09:32:30.843 AM:error=>		err message
2023-07-04 09:32:35.686 AM:error=>		err message
2023-07-04 09:32:38.402 AM:error=>		err message
2023-07-04 09:32:43.988 AM:error=>		err message
2023-07-04 09:32:53.696 AM:error=>		err message
2023-07-04 09:32:57.896 AM:error=>		err message
2023-07-04 09:33:06.845 AM:error=>		err message
2023-07-04 09:33:09.825 AM:error=>		err message
2023-07-04 09:33:12.230 AM:error=>		err message
2023-07-04 09:33:29.437 AM:error=>		err message
2023-07-04 09:33:38.075 AM:error=>		err message
2023-07-04 09:33:41.533 AM:error=>		err message
2023-07-04 09:34:07.655 AM:error=>		err message
2023-07-04 09:34:20.126 AM:error=>		err message
2023-07-04 09:34:22.130 AM:error=>		err message
2023-07-04 09:34:42.998 AM:error=>		err message
2023-07-04 09:34:49.768 AM:error=>		err message
2023-07-04 09:35:03.776 AM:error=>		err message
2023-07-04 09:35:06.336 AM:error=>		err message
2023-07-04 09:35:13.837 AM:error=>		err message
2023-07-04 09:35:17.680 AM:error=>		err message
2023-07-04 09:35:19.666 AM:error=>		err message
2023-07-04 09:35:33.475 AM:error=>		err message
2023-07-04 09:35:36.058 AM:error=>		err message
2023-07-04 09:35:39.746 AM:error=>		err message
2023-07-04 09:35:46.796 AM:error=>		err message
2023-07-04 09:35:49.457 AM:error=>		err message
2023-07-04 09:35:54.939 AM:error=>		err message
2023-07-04 09:35:57.231 AM:error=>		err message
2023-07-04 09:36:03.882 AM:error=>		err message
2023-07-04 09:36:08.249 AM:error=>		err message
2023-07-04 09:37:22.128 AM:error=>		err message
2023-07-04 09:37:29.234 AM:error=>		err message
2023-07-04 09:38:43.320 AM:error=>		err message
2023-07-04 09:39:28.926 AM:error=>		err message
2023-07-04 09:40:38.444 AM:error=>		err message
2023-07-04 09:40:40.948 AM:error=>		err message
2023-07-04 09:40:42.936 AM:error=>		err message
2023-07-04 09:40:51.518 AM:error=>		err message
2023-07-04 09:41:02.489 AM:error=>		err message
2023-07-04 09:44:17.153 AM:error=>		err message
2023-07-04 09:44:26.939 AM:error=>		err message
2023-07-04 09:44:38.780 AM:error=>		err message
2023-07-04 09:44:40.644 AM:error=>		err message
2023-07-04 09:44:46.912 AM:error=>		err message
2023-07-04 09:44:48.707 AM:error=>		err message
2023-07-04 09:44:52.526 AM:error=>		err message
2023-07-04 09:46:59.062 AM:error=>		err message
2023-07-04 09:52:33.367 AM:error=>		err message
2023-07-04 09:53:22.441 AM:error=>		err message
2023-07-04 09:53:24.201 AM:error=>		err message
2023-07-04 09:53:51.082 AM:error=>		err message
2023-07-04 09:54:10.078 AM:error=>		err message
2023-07-04 09:54:11.487 AM:error=>		err message
2023-07-04 09:54:15.535 AM:error=>		err message
2023-07-04 09:54:54.113 AM:error=>		err message
2023-07-04 09:54:57.581 AM:error=>		err message
2023-07-04 09:55:01.741 AM:error=>		err message
2023-07-04 09:55:03.532 AM:error=>		err message
2023-07-04 09:55:19.522 AM:error=>		err message
2023-07-04 09:55:23.080 AM:error=>		err message
2023-07-04 09:55:31.424 AM:error=>		err message
2023-07-04 09:55:39.390 AM:error=>		err message
2023-07-04 09:55:45.776 AM:error=>		err message
2023-07-04 09:56:00.764 AM:error=>		err message
2023-07-04 09:56:09.000 AM:error=>		err message
2023-07-04 09:56:16.938 AM:error=>		err message
2023-07-04 09:56:20.559 AM:error=>		err message
2023-07-04 09:56:25.082 AM:error=>		err message
2023-07-04 09:56:27.928 AM:error=>		err message
2023-07-04 09:56:31.113 AM:error=>		err message
2023-07-04 09:56:33.928 AM:error=>		err message
2023-07-04 09:56:41.331 AM:error=>		err message
2023-07-04 09:57:02.914 AM:error=>		err message
2023-07-04 09:57:15.524 AM:error=>		err message
2023-07-04 09:57:18.473 AM:error=>		err message
2023-07-04 09:57:46.865 AM:error=>		err message
2023-07-04 09:57:52.171 AM:error=>		err message
2023-07-04 09:57:56.757 AM:error=>		err message
2023-07-04 09:57:59.127 AM:error=>		err message
2023-07-04 09:58:02.004 AM:error=>		err message
2023-07-04 09:58:05.357 AM:error=>		err message
2023-07-04 09:58:07.550 AM:error=>		err message
2023-07-04 09:58:37.892 AM:error=>		err message
2023-07-04 09:58:55.391 AM:error=>		err message
2023-07-04 09:58:59.534 AM:error=>		err message
2023-07-04 09:59:02.343 AM:error=>		err message
2023-07-04 09:59:04.144 AM:error=>		err message
2023-07-04 10:00:02.257 AM:error=>		err message
2023-07-04 10:00:45.498 AM:error=>		err message
2023-07-04 10:00:47.393 AM:error=>		err message
2023-07-04 10:00:49.242 AM:error=>		err message
2023-07-04 10:01:48.641 AM:error=>		err message
2023-07-04 10:01:59.022 AM:error=>		err message
2023-07-04 10:02:00.624 AM:error=>		err message
2023-07-04 10:02:02.788 AM:error=>		err message
2023-07-04 10:02:06.545 AM:error=>		err message
2023-07-06 08:56:18.061 AM:error=>		err message
2023-07-06 09:02:17.476 AM:error=>		err message
2023-07-06 09:02:23.974 AM:error=>		err message
2023-07-06 09:02:42.401 AM:error=>		err message
2023-07-06 09:02:43.891 AM:error=>		err message
2023-07-06 09:02:46.110 AM:error=>		err message
2023-07-06 09:02:50.225 AM:error=>		err message
2023-07-06 09:02:52.629 AM:error=>		err message
2023-07-06 09:02:55.211 AM:error=>		err message
2023-07-06 09:02:59.609 AM:error=>		err message
2023-07-06 09:03:53.471 AM:error=>		err message
2023-07-06 09:03:57.858 AM:error=>		err message
2023-07-06 09:03:59.834 AM:error=>		err message
2023-07-06 09:04:08.849 AM:error=>		err message
2023-07-06 09:04:12.235 AM:error=>		err message
2023-07-06 09:04:14.872 AM:error=>		err message
2023-07-06 09:04:26.759 AM:error=>		err message
2023-07-06 09:04:28.971 AM:error=>		err message
2023-07-06 09:04:52.008 AM:error=>		err message
2023-07-06 09:22:38.515 AM:error=>		err message
2023-07-06 09:22:58.780 AM:error=>		err message
2023-07-06 09:23:05.621 AM:error=>		err message
2023-07-06 09:23:09.428 AM:error=>		err message
2023-07-06 09:23:13.192 AM:error=>		err message
2023-07-06 09:26:01.241 AM:error=>		err message
2023-07-06 09:26:03.953 AM:error=>		err message
2023-07-06 09:26:10.383 AM:error=>		err message
2023-07-06 09:26:16.680 AM:error=>		err message
2023-07-06 09:26:18.105 AM:error=>		err message
2023-07-06 09:26:23.998 AM:error=>		err message
2023-07-06 09:26:25.901 AM:error=>		err message
2023-07-06 09:26:28.251 AM:error=>		err message
2023-07-06 10:16:52.521 AM:error=>		err message
2023-07-06 10:16:58.750 AM:error=>		err message
2023-07-06 10:17:00.987 AM:error=>		err message
2023-07-06 10:17:04.579 AM:error=>		err message
2023-07-06 10:17:08.519 AM:error=>		err message
2023-07-06 10:17:10.710 AM:error=>		err message
2023-07-06 10:17:25.916 AM:error=>		err message
2023-07-06 10:17:42.382 AM:error=>		err message
2023-07-06 10:17:56.644 AM:error=>		err message
2023-07-06 10:18:02.655 AM:error=>		err message
2023-07-06 10:18:14.030 AM:error=>		err message
2023-07-06 10:25:46.422 AM:error=>		err message
2023-07-06 10:25:50.539 AM:error=>		err message
2023-07-06 10:25:55.179 AM:error=>		err message
2023-07-06 10:26:04.917 AM:error=>		err message
2023-07-06 10:26:06.829 AM:error=>		err message
2023-07-06 10:26:54.876 AM:error=>		err message
2023-07-06 10:26:57.698 AM:error=>		err message
2023-07-06 10:28:46.816 AM:error=>		err message
2023-07-06 10:29:43.577 AM:error=>		err message
2023-07-06 10:31:22.087 AM:error=>		err message
2023-07-06 10:32:44.405 AM:error=>		err message
2023-07-06 10:32:46.779 AM:error=>		err message
2023-07-06 10:46:29.385 AM:error=>		err message
2023-07-06 10:46:32.688 AM:error=>		err message
2023-07-06 10:46:38.072 AM:error=>		err message
2023-07-06 10:46:41.201 AM:error=>		err message
2023-07-06 10:46:44.651 AM:error=>		err message
2023-07-06 10:46:47.785 AM:error=>		err message
2023-07-06 10:46:51.910 AM:error=>		err message
2023-07-06 10:46:58.139 AM:error=>		err message
2023-07-06 10:47:02.995 AM:error=>		err message
2023-07-06 10:47:57.151 AM:error=>		err message
2023-07-06 10:48:03.824 AM:error=>		err message
2023-07-06 10:54:39.827 AM:error=>		err message
2023-07-06 10:54:56.035 AM:error=>		err message
2023-07-06 10:54:57.667 AM:error=>		err message
2023-07-06 10:55:39.095 AM:error=>		err message
2023-07-06 10:57:28.115 AM:error=>		err message
2023-07-06 10:57:30.554 AM:error=>		err message
2023-07-06 10:57:32.984 AM:error=>		err message
2023-07-06 10:57:35.205 AM:error=>		err message
2023-07-06 10:57:38.788 AM:error=>		err message
2023-07-06 10:57:40.312 AM:error=>		err message
2023-07-06 10:57:43.380 AM:error=>		err message
2023-07-06 10:57:44.860 AM:error=>		err message
2023-07-06 10:57:48.627 AM:error=>		err message
2023-07-06 10:57:50.243 AM:error=>		err message
2023-07-06 10:57:51.845 AM:error=>		err message
2023-07-06 10:57:53.466 AM:error=>		err message
2023-07-06 10:57:56.627 AM:error=>		err message
2023-07-06 10:58:10.201 AM:error=>		err message
2023-07-06 10:58:12.082 AM:error=>		err message
2023-07-06 10:58:14.637 AM:error=>		err message
2023-07-06 10:58:18.225 AM:error=>		err message
2023-07-06 10:58:20.062 AM:error=>		err message
2023-07-06 10:58:21.780 AM:error=>		err message
2023-07-06 10:58:23.449 AM:error=>		err message
2023-07-06 10:58:26.054 AM:error=>		err message
2023-07-06 10:58:27.501 AM:error=>		err message
2023-07-06 10:58:29.070 AM:error=>		err message
2023-07-06 10:58:37.873 AM:error=>		err message
2023-07-06 10:58:42.789 AM:error=>		err message
2023-07-06 10:58:45.803 AM:error=>		err message
2023-07-06 10:58:51.645 AM:error=>		err message
2023-07-06 10:58:53.173 AM:error=>		err message
2023-07-06 10:58:56.714 AM:error=>		err message
2023-07-06 11:00:26.427 AM:error=>		err message
2023-07-06 11:01:06.519 AM:error=>		err message
2023-07-06 11:06:18.122 AM:error=>		err message
2023-07-06 11:06:44.568 AM:error=>		err message
2023-07-06 11:07:57.822 AM:error=>		err message
2023-07-06 11:07:59.361 AM:error=>		err message
2023-07-06 11:08:09.486 AM:error=>		err message
2023-07-06 11:08:14.096 AM:error=>		err message
2023-07-06 11:08:16.315 AM:error=>		err message
2023-07-06 11:08:18.702 AM:error=>	undefined
2023-07-06 11:10:02.376 AM:error=>	undefined
2023-07-06 11:11:28.708 AM:error=>	undefined
2023-07-06 11:12:06.151 AM:error=>	undefined
2023-07-06 11:14:59.865 AM:error=>	undefined
2023-07-06 11:16:09.493 AM:error=>	undefined
2023-07-16 05:03:39.497 PM:error=>		Error
